2023-09-14 16:09:26.725 [info] Extension host with pid 1678 started
2023-09-14 16:09:28.744 [info] ExtensionService#_doActivateExtension vscode.git-base, startup: true, activationEvent: '*', root cause: vscode.git
2023-09-14 16:09:29.784 [info] Lock '/root/.vscode-server/data/User/workspaceStorage/4e194fe2337422a3bacf98fd846ad783/vscode.lock': Lock acquired.
2023-09-14 16:09:30.514 [info] ExtensionService#_doActivateExtension vscode.git, startup: true, activationEvent: '*'
2023-09-14 16:09:30.516 [info] ExtensionService#_doActivateExtension vscode.github, startup: true, activationEvent: '*'
2023-09-14 16:09:43.046 [info] ExtensionService#_doActivateExtension vscode.debug-auto-launch, startup: false, activationEvent: 'onStartupFinished'
2023-09-14 16:09:43.047 [info] ExtensionService#_doActivateExtension vscode.merge-conflict, startup: false, activationEvent: 'onStartupFinished'
2023-09-14 16:09:52.614 [info] Eager extensions activated
2023-09-14 16:14:20.378 [info] ExtensionService#_doActivateExtension vscode.ipynb, startup: false, activationEvent: 'onNotebookSerializer:jupyter-notebook'
2023-09-14 16:14:21.884 [info] ExtensionService#_doActivateExtension ms-toolsai.jupyter, startup: false, activationEvent: 'onNotebook:jupyter-notebook'
2023-09-14 16:14:21.885 [info] ExtensionService#_doActivateExtension ms-toolsai.vscode-jupyter-cell-tags, startup: false, activationEvent: 'onNotebook:jupyter-notebook'
2023-09-14 16:14:21.916 [info] ExtensionService#_doActivateExtension ms-toolsai.vscode-jupyter-slideshow, startup: false, activationEvent: 'onNotebook:jupyter-notebook'
2023-09-14 16:14:21.927 [info] ExtensionService#_doActivateExtension ms-toolsai.jupyter-renderers, startup: false, activationEvent: 'onNotebook:*'
2023-09-14 16:14:51.546 [info] ExtensionService#_doActivateExtension ms-python.python, startup: false, activationEvent: 'onLanguage:python'
2023-09-14 16:14:51.548 [info] ExtensionService#_doActivateExtension njpwerner.autodocstring, startup: false, activationEvent: 'onLanguage:python'
2023-09-14 16:14:51.550 [info] ExtensionService#_doActivateExtension vscode.emmet, startup: false, activationEvent: 'onLanguage'
2023-09-14 16:17:01.201 [info] ExtensionService#_doActivateExtension ms-python.vscode-pylance, startup: false, activationEvent: 'onLanguage:python'
2023-09-14 16:19:55.831 [info] ExtensionService#_doActivateExtension vscode.tunnel-forwarding, startup: false, activationEvent: 'onTunnel'
2023-09-14 16:29:48.876 [error] [ms-python.python] provider FAILED
2023-09-14 16:29:49.057 [error] TypeError: Cannot read properties of undefined (reading 'data')
	at /root/.vscode-server/extensions/ms-python.vscode-pylance-2023.9.10/dist/extension.bundle.js:1:70776
	at _0x14cc73 (/root/.vscode-server/extensions/ms-python.vscode-pylance-2023.9.10/dist/extension.bundle.js:1:82543)
	at async pe.provideCompletionItems (/root/.vscode-server/bin/6509174151d557a81c9d0b5f8a5a1e9274db5585/out/vs/workbench/api/node/extensionHostProcess.js:110:51158)
2023-09-14 16:29:50.616 [error] [ms-python.python] provider FAILED
2023-09-14 16:29:50.625 [error] TypeError: Cannot read properties of undefined (reading 'data')
	at /root/.vscode-server/extensions/ms-python.vscode-pylance-2023.9.10/dist/extension.bundle.js:1:70776
	at _0x14cc73 (/root/.vscode-server/extensions/ms-python.vscode-pylance-2023.9.10/dist/extension.bundle.js:1:82543)
	at async pe.provideCompletionItems (/root/.vscode-server/bin/6509174151d557a81c9d0b5f8a5a1e9274db5585/out/vs/workbench/api/node/extensionHostProcess.js:110:51158)
2023-09-14 16:35:56.405 [info] ExtensionService#_doActivateExtension vscode.extension-editing, startup: false, activationEvent: 'onLanguage:markdown'
2023-09-14 16:35:56.406 [info] ExtensionService#_doActivateExtension vscode.markdown-language-features, startup: false, activationEvent: 'onLanguage:markdown'
2023-09-14 16:36:03.461 [info] ExtensionService#_doActivateExtension vscode.markdown-math, startup: false, activationEvent: 'api', root cause: vscode.markdown-language-features
2023-09-15 05:34:26.191 [info] Extension host terminating: received terminate message from renderer
2023-09-15 05:34:27.335 [info] Lock '/root/.vscode-server/data/User/workspaceStorage/4e194fe2337422a3bacf98fd846ad783/vscode.lock': Marking the lockfile as scheduled to be released in 6000 ms.
2023-09-15 05:34:50.288 [error] Error: Unable to start Kernel 'Python 3.11.4' due to a timeout waiting for the ports to get used. 
View Jupyter [log](command:jupyter.viewOutput) for further details.
	at /root/.vscode-server/extensions/ms-toolsai.jupyter-2023.8.1002501831-linux-x64/out/extension.node.js:24:87703
	at async Zv.launch (/root/.vscode-server/extensions/ms-toolsai.jupyter-2023.8.1002501831-linux-x64/out/extension.node.js:24:87745)
2023-09-15 05:34:50.895 [error] Canceled: Canceled
	at new h (/root/.vscode-server/bin/6509174151d557a81c9d0b5f8a5a1e9274db5585/out/vs/workbench/api/node/extensionHostProcess.js:108:57382)
	at i.O (/root/.vscode-server/bin/6509174151d557a81c9d0b5f8a5a1e9274db5585/out/vs/workbench/api/node/extensionHostProcess.js:117:10850)
	at j.<computed>.T.charCodeAt.j.<computed> (/root/.vscode-server/bin/6509174151d557a81c9d0b5f8a5a1e9274db5585/out/vs/workbench/api/node/extensionHostProcess.js:117:8289)
	at r.g (/root/.vscode-server/bin/6509174151d557a81c9d0b5f8a5a1e9274db5585/out/vs/workbench/api/node/extensionHostProcess.js:108:82208)
	at r.executeCommand (/root/.vscode-server/bin/6509174151d557a81c9d0b5f8a5a1e9274db5585/out/vs/workbench/api/node/extensionHostProcess.js:108:81646)
	at u.registerCommand.description (/root/.vscode-server/bin/6509174151d557a81c9d0b5f8a5a1e9274db5585/out/vs/workbench/api/node/extensionHostProcess.js:108:80967)
	at r.h (/root/.vscode-server/bin/6509174151d557a81c9d0b5f8a5a1e9274db5585/out/vs/workbench/api/node/extensionHostProcess.js:108:82744)
	at r.g (/root/.vscode-server/bin/6509174151d557a81c9d0b5f8a5a1e9274db5585/out/vs/workbench/api/node/extensionHostProcess.js:108:81739)
	at r.executeCommand (/root/.vscode-server/bin/6509174151d557a81c9d0b5f8a5a1e9274db5585/out/vs/workbench/api/node/extensionHostProcess.js:108:81646)
	at Object.executeCommand (/root/.vscode-server/bin/6509174151d557a81c9d0b5f8a5a1e9274db5585/out/vs/workbench/api/node/extensionHostProcess.js:123:21247)
	at ku.executeCommand (/root/.vscode-server/extensions/ms-toolsai.jupyter-2023.8.1002501831-linux-x64/out/extension.node.js:17:7443)
	at nS.set (/root/.vscode-server/extensions/ms-toolsai.jupyter-2023.8.1002501831-linux-x64/out/extension.node.js:24:300572)
	at _k.updateContextOfActiveNotebookKernel (/root/.vscode-server/extensions/ms-toolsai.jupyter-2023.8.1002501831-linux-x64/out/extension.node.js:24:497839)
	at _k.onDidKernelStatusChange (/root/.vscode-server/extensions/ms-toolsai.jupyter-2023.8.1002501831-linux-x64/out/extension.node.js:24:499428)
	at m.w (/root/.vscode-server/bin/6509174151d557a81c9d0b5f8a5a1e9274db5585/out/vs/workbench/api/node/extensionHostProcess.js:63:1902)
	at m.x (/root/.vscode-server/bin/6509174151d557a81c9d0b5f8a5a1e9274db5585/out/vs/workbench/api/node/extensionHostProcess.js:63:1972)
	at m.fire (/root/.vscode-server/bin/6509174151d557a81c9d0b5f8a5a1e9274db5585/out/vs/workbench/api/node/extensionHostProcess.js:63:2188)
	at pv.<anonymous> (/root/.vscode-server/extensions/ms-toolsai.jupyter-2023.8.1002501831-linux-x64/out/extension.node.js:24:39671)
	at m.w (/root/.vscode-server/bin/6509174151d557a81c9d0b5f8a5a1e9274db5585/out/vs/workbench/api/node/extensionHostProcess.js:63:1902)
	at m.x (/root/.vscode-server/bin/6509174151d557a81c9d0b5f8a5a1e9274db5585/out/vs/workbench/api/node/extensionHostProcess.js:63:1972)
	at m.fire (/root/.vscode-server/bin/6509174151d557a81c9d0b5f8a5a1e9274db5585/out/vs/workbench/api/node/extensionHostProcess.js:63:2188)
	at /root/.vscode-server/extensions/ms-toolsai.jupyter-2023.8.1002501831-linux-x64/out/extension.node.js:17:249842
	at Qg.dispose (/root/.vscode-server/extensions/ms-toolsai.jupyter-2023.8.1002501831-linux-x64/out/extension.node.js:17:249944)
	at /root/.vscode-server/extensions/ms-toolsai.jupyter-2023.8.1002501831-linux-x64/out/extension.node.js:2:1772561
	at Array.map (<anonymous>)
	at ic.dispose (/root/.vscode-server/extensions/ms-toolsai.jupyter-2023.8.1002501831-linux-x64/out/extension.node.js:2:1772551)
	at Module.Nx (/root/.vscode-server/extensions/ms-toolsai.jupyter-2023.8.1002501831-linux-x64/out/extension.node.js:24:651546)
	at n.Z (/root/.vscode-server/bin/6509174151d557a81c9d0b5f8a5a1e9274db5585/out/vs/workbench/api/node/extensionHostProcess.js:119:9460)
	at /root/.vscode-server/bin/6509174151d557a81c9d0b5f8a5a1e9274db5585/out/vs/workbench/api/node/extensionHostProcess.js:119:7585
	at Array.map (<anonymous>)
	at n.S (/root/.vscode-server/bin/6509174151d557a81c9d0b5f8a5a1e9274db5585/out/vs/workbench/api/node/extensionHostProcess.js:119:7572)
	at n.terminate (/root/.vscode-server/bin/6509174151d557a81c9d0b5f8a5a1e9274db5585/out/vs/workbench/api/node/extensionHostProcess.js:119:7844)
	at o.terminate (/root/.vscode-server/bin/6509174151d557a81c9d0b5f8a5a1e9274db5585/out/vs/workbench/api/node/extensionHostProcess.js:123:1513)
	at D (/root/.vscode-server/bin/6509174151d557a81c9d0b5f8a5a1e9274db5585/out/vs/workbench/api/node/extensionHostProcess.js:136:9800)
	at n.value (/root/.vscode-server/bin/6509174151d557a81c9d0b5f8a5a1e9274db5585/out/vs/workbench/api/node/extensionHostProcess.js:136:7847)
	at m.w (/root/.vscode-server/bin/6509174151d557a81c9d0b5f8a5a1e9274db5585/out/vs/workbench/api/node/extensionHostProcess.js:63:1902)
	at m.fire (/root/.vscode-server/bin/6509174151d557a81c9d0b5f8a5a1e9274db5585/out/vs/workbench/api/node/extensionHostProcess.js:63:2119)
	at v.fire (/root/.vscode-server/bin/6509174151d557a81c9d0b5f8a5a1e9274db5585/out/vs/workbench/api/node/extensionHostProcess.js:79:13940)
	at s.z (/root/.vscode-server/bin/6509174151d557a81c9d0b5f8a5a1e9274db5585/out/vs/workbench/api/node/extensionHostProcess.js:79:17005)
	at n.value (/root/.vscode-server/bin/6509174151d557a81c9d0b5f8a5a1e9274db5585/out/vs/workbench/api/node/extensionHostProcess.js:79:16410)
	at m.w (/root/.vscode-server/bin/6509174151d557a81c9d0b5f8a5a1e9274db5585/out/vs/workbench/api/node/extensionHostProcess.js:63:1902)
	at m.fire (/root/.vscode-server/bin/6509174151d557a81c9d0b5f8a5a1e9274db5585/out/vs/workbench/api/node/extensionHostProcess.js:63:2119)
	at n.acceptChunk (/root/.vscode-server/bin/6509174151d557a81c9d0b5f8a5a1e9274db5585/out/vs/workbench/api/node/extensionHostProcess.js:79:11714)
	at n.value (/root/.vscode-server/bin/6509174151d557a81c9d0b5f8a5a1e9274db5585/out/vs/workbench/api/node/extensionHostProcess.js:79:11001)
	at m.w (/root/.vscode-server/bin/6509174151d557a81c9d0b5f8a5a1e9274db5585/out/vs/workbench/api/node/extensionHostProcess.js:63:1902)
	at m.fire (/root/.vscode-server/bin/6509174151d557a81c9d0b5f8a5a1e9274db5585/out/vs/workbench/api/node/extensionHostProcess.js:63:2119)
	at m.u (/root/.vscode-server/bin/6509174151d557a81c9d0b5f8a5a1e9274db5585/out/vs/workbench/api/node/extensionHostProcess.js:133:19093)
	at m.acceptFrame (/root/.vscode-server/bin/6509174151d557a81c9d0b5f8a5a1e9274db5585/out/vs/workbench/api/node/extensionHostProcess.js:133:18899)
	at a.l (/root/.vscode-server/bin/6509174151d557a81c9d0b5f8a5a1e9274db5585/out/vs/workbench/api/node/extensionHostProcess.js:133:17532)
	at /root/.vscode-server/bin/6509174151d557a81c9d0b5f8a5a1e9274db5585/out/vs/workbench/api/node/extensionHostProcess.js:133:14879
	at Socket.p (/root/.vscode-server/bin/6509174151d557a81c9d0b5f8a5a1e9274db5585/out/vs/workbench/api/node/extensionHostProcess.js:133:12793)
	at Socket.emit (node:events:513:28)
	at addChunk (node:internal/streams/readable:324:12)
	at readableAddChunk (node:internal/streams/readable:297:9)
	at Readable.push (node:internal/streams/readable:234:10)
	at TCP.onStreamRead (node:internal/stream_base_commons:190:23) setContext undefined
2023-09-15 05:34:52.596 [info] Extension host with pid 1678 exiting with code 0
