2023-09-14 16:18:29.118 [info] [Info  - 4:18:04 PM] (4777) Pylance language server 2023.9.10 (pyright c70adefc) starting
2023-09-14 16:18:29.129 [info] [Info  - 4:18:29 PM] (4777) Server root directory: /root/.vscode-server/extensions/ms-python.vscode-pylance-2023.9.10/dist
2023-09-14 16:18:29.131 [info] [Info  - 4:18:29 PM] (4777) Starting service instance "root"
2023-09-14 16:18:29.727 [info] [Info  - 4:18:29 PM] (4777) Setting pythonPath for service "root": "/usr/local/bin/python"
2023-09-14 16:18:29.728 [info] [Info  - 4:18:29 PM] (4777) Setting pythonPath for service "root": "/usr/local/bin/python"
2023-09-14 16:18:30.079 [info] [Warn  - 4:18:30 PM] (4777) stubPath /root/typings is not a valid directory.
2023-09-14 16:18:30.267 [info] [Info  - 4:18:30 PM] (4777) Assuming Python version 3.11
2023-09-14 16:18:32.936 [info] [Info  - 4:18:32 PM] (4777) Found 1 source file
2023-09-14 16:18:40.635 [info] [Info  - 4:18:40 PM] (4777) [FG] Long operation: parsing: /usr/local/lib/python3.11/site-packages/IPython/core/display_functions.py (2284ms)
2023-09-14 16:18:41.435 [info] [Info  - 4:18:41 PM] (4777) [FG] Long operation: binding: /usr/local/lib/python3.11/site-packages/IPython/display.py (3086ms)
2023-09-14 16:18:41.474 [info] [Info  - 4:18:41 PM] (4777) [BG(1)] Long operation: parsing: /root/code/main.py (6952ms)
2023-09-14 16:18:42.087 [info] [Info  - 4:18:42 PM] (4777) [BG(1)] Long operation: indexing: /root/code/main.py (7568ms)
2023-09-14 16:19:22.001 [info] [Info  - 4:19:22 PM] (4777) Starting service instance "root"
2023-09-14 16:19:24.188 [info] [Info  - 4:19:24 PM] (4777) Setting pythonPath for service "root": "undefined"
2023-09-14 16:19:24.399 [info] [Warn  - 4:19:24 PM] (4777) stubPath /root/typings is not a valid directory.
2023-09-14 16:19:32.197 [info] [Info  - 4:19:32 PM] (4777) Found 1 source file
2023-09-14 16:19:50.997 [info] [Info  - 4:19:50 PM] (4777) [IDX(2)] Long operation: scan packages /root (73259ms)
2023-09-14 16:19:57.664 [info] [Info  - 4:19:57 PM] (4777) [BG(3)] Long operation: parsing: /root/code/ML_Car_prediction.ipynb:pylance-notebook-cell:Y141sdnNjb2RlLXJlbW90ZQ==.py (4420ms)
2023-09-14 16:20:11.790 [info] [Info  - 4:20:11 PM] (4777) [FG] Long operation: parsing: /root/code/ML_Car_prediction.ipynb:pylance-notebook-cell:W0sdnNjb2RlLXJlbW90ZQ==.py (7933ms)
2023-09-14 16:20:14.888 [info] [Info  - 4:20:14 PM] (4777) [FG] Long operation: parsing: /usr/local/lib/python3.11/site-packages/IPython/display.py (2863ms)
2023-09-14 16:20:20.143 [info] [Info  - 4:20:20 PM] (4777) [FG] Long operation: parsing: /root/.vscode-server/extensions/ms-python.vscode-pylance-2023.9.10/dist/typeshed-fallback/stdlib/builtins.pyi (5106ms)
2023-09-14 16:20:24.328 [info] [Info  - 4:20:24 PM] (4777) [FG] Long operation: parsing: /usr/local/lib/python3.11/site-packages/IPython/core/display_functions.py (2658ms)
2023-09-14 16:20:30.745 [info] [Info  - 4:20:30 PM] (4777) [FG] Long operation: parsing: /usr/local/lib/python3.11/site-packages/IPython/lib/display.py (5111ms)
2023-09-14 16:20:31.063 [info] [Info  - 4:20:31 PM] (4777) [FG] Long operation: binding: /usr/local/lib/python3.11/site-packages/IPython/display.py (9338ms)
2023-09-14 16:20:31.154 [info] [Info  - 4:20:31 PM] (4777) [IDX(2)] Long operation: parsing: /usr/local/lib/python3.11/xml/__init__.py (10818ms)
2023-09-14 16:20:31.175 [info] [Info  - 4:20:31 PM] (4777) [BG(3)] Long operation: binding: /usr/local/lib/python3.11/site-packages/IPython/display.py (2059ms)
2023-09-14 16:20:31.280 [info] [Info  - 4:20:31 PM] (4777) [BG(3)] Long operation: parsing: /root/.vscode-server/extensions/ms-python.vscode-pylance-2023.9.10/dist/typeshed-fallback/stdlib/typing.pyi (9060ms)
2023-09-14 16:20:33.244 [info] [Info  - 4:20:33 PM] (4777) [BG(3)] Long operation: parsing: /usr/local/lib/python3.11/site-packages/numpy/__init__.pyi (9570ms)
2023-09-14 16:20:35.786 [info] [Info  - 4:20:35 PM] (4777) [IDX(2)] Long operation: parsing: /root/.vscode-server/extensions/ms-python.vscode-pylance-2023.9.10/dist/typeshed-fallback/stdlib/builtins.pyi (6722ms)
2023-09-14 16:20:36.787 [info] [Info  - 4:20:36 PM] (4777) [BG(3)] Long operation: binding: /usr/local/lib/python3.11/site-packages/numpy/__init__.pyi (3540ms)
2023-09-14 16:20:36.809 [info] [Info  - 4:20:36 PM] (4777) [IDX(2)] Long operation: indexing: /usr/local/lib/python3.11/xml/__init__.py (18725ms)
2023-09-14 16:20:39.356 [info] [Info  - 4:20:39 PM] (4777) [IDX(2)] Long operation: indexing: /usr/local/lib/python3.11/site-packages/asttokens/__init__.py (2029ms)
2023-09-14 16:20:43.913 [info] [Info  - 4:20:43 PM] (4777) [IDX(2)] Long operation: indexing: /usr/local/lib/python3.11/site-packages/charset_normalizer/__init__.py (2493ms)
2023-09-14 16:20:48.521 [info] [Info  - 4:20:48 PM] (4777) [IDX(2)] Long operation: indexing: /usr/local/lib/python3.11/site-packages/click/__init__.py (4608ms)
2023-09-14 16:20:50.422 [info] [Info  - 4:20:50 PM] (4777) [BG(3)] Long operation: parsing: /root/.vscode-server/extensions/ms-python.vscode-pylance-2023.9.10/dist/typeshed-fallback/stdlib/os/__init__.pyi (2266ms)
2023-09-14 16:20:52.674 [info] [Info  - 4:20:52 PM] (4777) [BG(3)] Long operation: binding: /root/.vscode-server/extensions/ms-python.vscode-pylance-2023.9.10/dist/typeshed-fallback/stdlib/os/__init__.pyi (2252ms)
2023-09-14 16:20:56.889 [info] [Info  - 4:20:56 PM] (4777) [BG(3)] Long operation: checking: /root/code/ML_Car_prediction.ipynb:pylance-notebook-cell:Y141sdnNjb2RlLXJlbW90ZQ==.py (52024ms)
2023-09-14 16:20:56.889 [info] [Info  - 4:20:56 PM] (4777) [BG(3)] Long operation: analyzing: /root/code/ML_Car_prediction.ipynb:pylance-notebook-cell:Y141sdnNjb2RlLXJlbW90ZQ==.py (63671ms)
2023-09-14 16:20:58.203 [info] [Info  - 4:20:58 PM] (4777) [IDX(2)] Long operation: indexing: /usr/local/lib/python3.11/site-packages/flask/__init__.py (5056ms)
2023-09-14 16:21:00.966 [info] [Info  - 4:21:00 PM] (4777) [IDX(2)] Long operation: parsing: /usr/local/lib/python3.11/site-packages/flask/cli.py (2425ms)
2023-09-14 16:21:00.968 [info] [Info  - 4:21:00 PM] (4777) [IDX(2)] Long operation: indexing: /usr/local/lib/python3.11/site-packages/flask/cli.py (2477ms)
2023-09-14 16:21:05.149 [info] [Info  - 4:21:05 PM] (4777) [BG(3)] Long operation: parsing: /root/.vscode-server/extensions/ms-python.vscode-pylance-2023.9.10/dist/bundled/stubs/pandas/_typing.pyi (4035ms)
2023-09-14 16:21:07.610 [info] [Info  - 4:21:07 PM] (4777) [IDX(2)] Long operation: parsing: /usr/local/lib/python3.11/site-packages/itsdangerous/encoding.py (2397ms)
2023-09-14 16:21:09.932 [info] [Info  - 4:21:09 PM] (4777) [IDX(2)] Long operation: parsing: /usr/local/lib/python3.11/site-packages/itsdangerous/exc.py (2189ms)
2023-09-14 16:21:11.162 [info] [Info  - 4:21:11 PM] (4777) [BG(3)] Long operation: parsing: /root/.vscode-server/extensions/ms-python.vscode-pylance-2023.9.10/dist/bundled/stubs/pandas/core/series.pyi (5969ms)
2023-09-14 16:21:11.864 [info] [Info  - 4:21:11 PM] (4777) [IDX(2)] Long operation: indexing: /usr/local/lib/python3.11/site-packages/itsdangerous/__init__.py (6642ms)
2023-09-14 16:21:14.517 [info] [Info  - 4:21:14 PM] (4777) [BG(3)] Long operation: binding: /root/.vscode-server/extensions/ms-python.vscode-pylance-2023.9.10/dist/bundled/stubs/pandas/core/series.pyi (3330ms)
2023-09-14 16:21:16.841 [info] [Info  - 4:21:16 PM] (4777) [IDX(2)] Long operation: indexing: /usr/local/lib/python3.11/site-packages/jinja2/__init__.py (4989ms)
2023-09-14 16:21:20.601 [info] [Info  - 4:21:20 PM] (4777) [IDX(2)] Long operation: indexing: /usr/local/lib/python3.11/site-packages/kiwisolver/__init__.py (2014ms)
2023-09-14 16:21:21.060 [info] [Info  - 4:21:21 PM] (4777) [BG(3)] Long operation: parsing: /root/.vscode-server/extensions/ms-python.vscode-pylance-2023.9.10/dist/bundled/stubs/pandas/core/dtypes/dtypes.pyi (3849ms)
2023-09-14 16:21:22.721 [info] [Info  - 4:21:22 PM] (4777) [IDX(2)] Long operation: indexing: /usr/local/lib/python3.11/site-packages/markupsafe/__init__.py (2085ms)
2023-09-14 16:21:28.950 [info] [Info  - 4:21:28 PM] (4777) [BG(3)] Long operation: parsing: /root/.vscode-server/extensions/ms-python.vscode-pylance-2023.9.10/dist/bundled/stubs/pandas/_libs/tslibs/timestamps.pyi (2178ms)
2023-09-14 16:21:28.969 [info] [Info  - 4:21:28 PM] (4777) [IDX(2)] Long operation: parsing: /usr/local/lib/python3.11/site-packages/numpy/__init__.pyi (4912ms)
2023-09-14 16:21:32.937 [info] [Info  - 4:21:32 PM] (4777) [IDX(2)] Long operation: parsing: /usr/local/lib/python3.11/site-packages/numpy/core/einsumfunc.pyi (2453ms)
2023-09-14 16:21:33.197 [info] [Info  - 4:21:33 PM] (4777) [BG(3)] Long operation: parsing: /root/.vscode-server/extensions/ms-python.vscode-pylance-2023.9.10/dist/bundled/stubs/pandas/_libs/tslibs/timedeltas.pyi (2794ms)
2023-09-14 16:21:36.577 [info] [Info  - 4:21:36 PM] (4777) [BG(3)] Long operation: parsing: /root/.vscode-server/extensions/ms-python.vscode-pylance-2023.9.10/dist/bundled/stubs/pandas/core/indexing.pyi (2541ms)
2023-09-14 16:21:38.277 [info] [Info  - 4:21:38 PM] (4777) [IDX(2)] Long operation: parsing: /usr/local/lib/python3.11/site-packages/numpy/core/multiarray.pyi (4746ms)
2023-09-14 16:21:45.947 [info] [Info  - 4:21:45 PM] (4777) [IDX(2)] Long operation: parsing: /usr/local/lib/python3.11/site-packages/numpy/lib/arrayterator.pyi (3496ms)
2023-09-14 16:21:51.152 [info] [Info  - 4:21:51 PM] (4777) [IDX(2)] Long operation: parsing: /usr/local/lib/python3.11/site-packages/numpy/lib/shape_base.pyi (2149ms)
2023-09-14 16:21:51.623 [info] [Info  - 4:21:51 PM] (4777) [IDX(2)] Long operation: indexing: /usr/local/lib/python3.11/site-packages/numpy/__init__.pyi (28128ms)
2023-09-14 16:21:55.301 [info] [Info  - 4:21:55 PM] (4777) [IDX(2)] Long operation: indexing: /usr/local/lib/python3.11/site-packages/prompt_toolkit/__init__.py (3152ms)
2023-09-14 16:21:56.395 [info] [Info  - 4:21:56 PM] (4777) [BG(3)] Long operation: parsing: /root/.vscode-server/extensions/ms-python.vscode-pylance-2023.9.10/dist/bundled/stubs/pandas/core/frame.pyi (5354ms)
2023-09-14 16:21:59.816 [info] [Info  - 4:21:59 PM] (4777) [IDX(2)] Long operation: parsing: /root/.vscode-server/extensions/ms-python.vscode-pylance-2023.9.10/dist/typeshed-fallback/stdlib/functools.pyi (2813ms)
2023-09-14 16:22:01.444 [info] [Info  - 4:22:01 PM] (4777) [BG(3)] Long operation: binding: /root/.vscode-server/extensions/ms-python.vscode-pylance-2023.9.10/dist/bundled/stubs/pandas/core/frame.pyi (5058ms)
2023-09-14 16:22:07.487 [info] [Info  - 4:22:07 PM] (4777) [IDX(2)] Long operation: parsing: /usr/local/lib/python3.11/site-packages/pyparsing/unicode.py (6779ms)
2023-09-14 16:22:10.374 [info] [Info  - 4:22:10 PM] (4777) [IDX(2)] Long operation: indexing: /usr/local/lib/python3.11/site-packages/pyparsing/__init__.py (15083ms)
2023-09-14 16:22:11.283 [info] [Info  - 4:22:11 PM] (4777) [BG(3)] Long operation: parsing: /root/.vscode-server/extensions/ms-python.vscode-pylance-2023.9.10/dist/bundled/stubs/matplotlib/pyplot.pyi (2021ms)
2023-09-14 16:22:11.614 [info] [Info  - 4:22:11 PM] (4777) [BG(3)] Long operation: checking: /root/code/ML_Car_prediction.ipynb:pylance-notebook-cell:Y140sdnNjb2RlLXJlbW90ZQ==.py (74725ms)
2023-09-14 16:22:11.696 [info] [Info  - 4:22:11 PM] (4777) [BG(3)] Long operation: analyzing: /root/code/ML_Car_prediction.ipynb:pylance-notebook-cell:Y140sdnNjb2RlLXJlbW90ZQ==.py (74725ms)
2023-09-14 16:22:13.728 [info] [Info  - 4:22:13 PM] (4777) [BG(3)] Long operation: parsing: /usr/local/lib/python3.11/pickle.py (2110ms)
2023-09-14 16:22:16.232 [info] [Info  - 4:22:16 PM] (4777) [IDX(2)] Long operation: parsing: /usr/local/lib/python3.11/site-packages/scipy/constants/_codata.py (2751ms)
2023-09-14 16:22:16.276 [info] [Info  - 4:22:16 PM] (4777) [IDX(2)] Long operation: binding: /usr/local/lib/python3.11/site-packages/scipy/constants/__init__.py (2795ms)
2023-09-14 16:22:16.284 [info] [Info  - 4:22:16 PM] (4777) [IDX(2)] Long operation: indexing: /usr/local/lib/python3.11/site-packages/scipy/constants/__init__.py (2805ms)
2023-09-14 16:22:19.355 [info] [Info  - 4:22:19 PM] (4777) [IDX(2)] Long operation: parsing: /usr/local/lib/python3.11/site-packages/scipy/fft/_backend.py (2394ms)
2023-09-14 16:22:19.503 [info] [Info  - 4:22:19 PM] (4777) [IDX(2)] Long operation: indexing: /usr/local/lib/python3.11/site-packages/scipy/fft/__init__.py (3158ms)
2023-09-14 16:22:21.026 [info] [Info  - 4:22:21 PM] (4777) [BG(3)] Long operation: parsing: /usr/local/lib/python3.11/site-packages/xgboost/core.py (2273ms)
2023-09-14 16:22:25.341 [info] [Info  - 4:22:25 PM] (4777) [BG(3)] Long operation: checking: /root/code/ML_Car_prediction.ipynb:pylance-notebook-cell:Y135sdnNjb2RlLXJlbW90ZQ==.py (13724ms)
2023-09-14 16:22:25.375 [info] [Info  - 4:22:25 PM] (4777) [BG(3)] Long operation: analyzing: /root/code/ML_Car_prediction.ipynb:pylance-notebook-cell:Y135sdnNjb2RlLXJlbW90ZQ==.py (13725ms)
2023-09-14 16:22:25.382 [info] [Info  - 4:22:25 PM] (4777) [IDX(2)] Long operation: binding: /usr/local/lib/python3.11/site-packages/scipy/interpolate/__init__.py (3901ms)
2023-09-14 16:22:25.384 [info] [Info  - 4:22:25 PM] (4777) [IDX(2)] Long operation: indexing: /usr/local/lib/python3.11/site-packages/scipy/interpolate/__init__.py (4246ms)
2023-09-14 16:22:31.703 [info] [Info  - 4:22:31 PM] (4777) [BG(3)] Long operation: binding: /usr/local/lib/python3.11/site-packages/scipy/sparse/_base.py (2445ms)
2023-09-14 16:22:32.111 [info] [Info  - 4:22:32 PM] (4777) [IDX(2)] Long operation: parsing: /root/.vscode-server/extensions/ms-python.vscode-pylance-2023.9.10/dist/bundled/stubs/scipy-stubs/linalg/_fblas.pyi (2417ms)
2023-09-14 16:22:32.113 [info] [Info  - 4:22:32 PM] (4777) [IDX(2)] Long operation: binding: /usr/local/lib/python3.11/site-packages/scipy/linalg/blas.py (2421ms)
2023-09-14 16:22:34.424 [info] [Info  - 4:22:34 PM] (4777) [BG(3)] Long operation: binding: /usr/local/lib/python3.11/site-packages/scipy/sparse/__init__.py (5796ms)
2023-09-14 16:22:34.459 [info] [Info  - 4:22:34 PM] (4777) [IDX(2)] Long operation: parsing: /root/.vscode-server/extensions/ms-python.vscode-pylance-2023.9.10/dist/bundled/stubs/scipy-stubs/linalg/_flapack.pyi (2244ms)
2023-09-14 16:22:34.501 [info] [Info  - 4:22:34 PM] (4777) [IDX(2)] Long operation: binding: /usr/local/lib/python3.11/site-packages/scipy/linalg/lapack.py (2286ms)
2023-09-14 16:22:34.925 [info] [Info  - 4:22:34 PM] (4777) [BG(3)] Long operation: checking: /root/code/ML_Car_prediction.ipynb:pylance-notebook-cell:Y130sdnNjb2RlLXJlbW90ZQ==.py (7584ms)
2023-09-14 16:22:34.927 [info] [Info  - 4:22:34 PM] (4777) [BG(3)] Long operation: analyzing: /root/code/ML_Car_prediction.ipynb:pylance-notebook-cell:Y130sdnNjb2RlLXJlbW90ZQ==.py (7585ms)
2023-09-14 16:22:35.648 [info] [Info  - 4:22:35 PM] (4777) [IDX(2)] Long operation: binding: /usr/local/lib/python3.11/site-packages/scipy/linalg/__init__.py (10183ms)
2023-09-14 16:22:35.649 [info] [Info  - 4:22:35 PM] (4777) [IDX(2)] Long operation: indexing: /usr/local/lib/python3.11/site-packages/scipy/linalg/__init__.py (10228ms)
2023-09-14 16:22:38.871 [info] [Info  - 4:22:38 PM] (4777) [IDX(2)] Long operation: parsing: /usr/local/lib/python3.11/site-packages/scipy/ndimage/_filters.py (2462ms)
2023-09-14 16:22:40.537 [info] [Info  - 4:22:40 PM] (4777) [IDX(2)] Long operation: binding: /usr/local/lib/python3.11/site-packages/scipy/ndimage/__init__.py (4128ms)
2023-09-14 16:22:40.538 [info] [Info  - 4:22:40 PM] (4777) [IDX(2)] Long operation: indexing: /usr/local/lib/python3.11/site-packages/scipy/ndimage/__init__.py (4390ms)
2023-09-14 16:22:41.800 [info] [Info  - 4:22:41 PM] (4777) [BG(3)] Long operation: parsing: /root/.vscode-server/extensions/ms-python.vscode-pylance-2023.9.10/dist/bundled/stubs/sklearn/utils/__init__.pyi (2398ms)
2023-09-14 16:22:44.569 [info] [Info  - 4:22:44 PM] (4777) [IDX(2)] Long operation: binding: /usr/local/lib/python3.11/site-packages/scipy/optimize/__init__.py (3341ms)
2023-09-14 16:22:44.664 [info] [Info  - 4:22:44 PM] (4777) [IDX(2)] Long operation: indexing: /usr/local/lib/python3.11/site-packages/scipy/optimize/__init__.py (3817ms)
2023-09-14 16:22:45.787 [info] [Info  - 4:22:45 PM] (4777) [BG(3)] Long operation: checking: /root/code/ML_Car_prediction.ipynb:pylance-notebook-cell:Y121sdnNjb2RlLXJlbW90ZQ==.py (10811ms)
2023-09-14 16:22:45.788 [info] [Info  - 4:22:45 PM] (4777) [BG(3)] Long operation: analyzing: /root/code/ML_Car_prediction.ipynb:pylance-notebook-cell:Y121sdnNjb2RlLXJlbW90ZQ==.py (10811ms)
2023-09-14 16:22:47.893 [info] [Info  - 4:22:47 PM] (4777) [IDX(2)] Long operation: parsing: /usr/local/lib/python3.11/site-packages/scipy/signal/_filter_design.py (2011ms)
2023-09-14 16:23:06.051 [info] [Info  - 4:23:06 PM] (4777) [FG] Long operation: parsing: /root/code/ML_Car_prediction.ipynb:pylance-notebook-cell:Y120sdnNjb2RlLXJlbW90ZQ==.py (4586ms)
2023-09-14 16:23:06.076 [info] [Info  - 4:23:06 PM] (4777) [IDX(2)] Long operation: parsing: /usr/local/lib/python3.11/site-packages/scipy/signal/_signaltools.py (2493ms)
2023-09-14 16:23:06.113 [info] [Info  - 4:23:06 PM] (4777) [IDX(2)] Long operation: binding: /usr/local/lib/python3.11/site-packages/scipy/signal/__init__.py (11080ms)
2023-09-14 16:23:06.173 [info] [Info  - 4:23:06 PM] (4777) [IDX(2)] Long operation: indexing: /usr/local/lib/python3.11/site-packages/scipy/signal/__init__.py (11300ms)
2023-09-14 16:23:06.174 [info] [Info  - 4:23:06 PM] (4777) [IDX(2)] Long operation: binding: /usr/local/lib/python3.11/site-packages/scipy/sparse/__init__.py (4940ms)
2023-09-14 16:23:06.175 [info] [Info  - 4:23:06 PM] (4777) [IDX(2)] Long operation: indexing: /usr/local/lib/python3.11/site-packages/scipy/sparse/__init__.py (5275ms)
2023-09-14 16:23:06.178 [info] [Info  - 4:23:06 PM] (4777) [BG(3)] Long operation: parsing: /usr/local/lib/python3.11/site-packages/seaborn/relational.py (2622ms)
2023-09-14 16:23:06.193 [info] [Info  - 4:23:06 PM] (4777) [BG(3)] Long operation: parsing: /usr/local/lib/python3.11/site-packages/seaborn/categorical.py (4150ms)
2023-09-14 16:23:06.196 [info] [Info  - 4:23:06 PM] (4777) [BG(3)] Long operation: parsing: /usr/local/lib/python3.11/site-packages/seaborn/distributions.py (2458ms)
2023-09-14 16:23:06.215 [info] [Info  - 4:23:06 PM] (4777) [IDX(2)] Long operation: binding: /usr/local/lib/python3.11/site-packages/scipy/spatial/__init__.py (2369ms)
2023-09-14 16:23:06.316 [info] [Info  - 4:23:06 PM] (4777) [IDX(2)] Long operation: indexing: /usr/local/lib/python3.11/site-packages/scipy/spatial/__init__.py (2580ms)
2023-09-14 16:23:06.372 [info] [Info  - 4:23:06 PM] (4777) [BG(3)] Long operation: parsing: /usr/local/lib/python3.11/site-packages/seaborn/axisgrid.py (3575ms)
2023-09-14 16:23:06.373 [info] [Info  - 4:23:06 PM] (4777) [BG(3)] Long operation: binding: /usr/local/lib/python3.11/site-packages/seaborn/__init__.py (18917ms)
2023-09-14 16:23:06.434 [info] [Info  - 4:23:06 PM] (4777) [IDX(2)] Long operation: parsing: /usr/local/lib/python3.11/site-packages/scipy/special/__init__.py (2401ms)
2023-09-14 16:23:09.570 [info] [Info  - 4:23:09 PM] (4777) [BG(3)] Long operation: checking: /root/code/ML_Car_prediction.ipynb:pylance-notebook-cell:Y112sdnNjb2RlLXJlbW90ZQ==.py (20314ms)
2023-09-14 16:23:09.595 [info] [Info  - 4:23:09 PM] (4777) [BG(3)] Long operation: analyzing: /root/code/ML_Car_prediction.ipynb:pylance-notebook-cell:Y112sdnNjb2RlLXJlbW90ZQ==.py (20314ms)
2023-09-14 16:23:10.060 [info] [Info  - 4:23:10 PM] (4777) [IDX(2)] Long operation: parsing: /root/.vscode-server/extensions/ms-python.vscode-pylance-2023.9.10/dist/bundled/stubs/scipy-stubs/special/_ufuncs.pyi (2777ms)
2023-09-14 16:23:12.592 [info] [Info  - 4:23:12 PM] (4777) [IDX(2)] Long operation: binding: /usr/local/lib/python3.11/site-packages/scipy/special/__init__.py (6157ms)
2023-09-14 16:23:12.616 [info] [Info  - 4:23:12 PM] (4777) [IDX(2)] Long operation: indexing: /usr/local/lib/python3.11/site-packages/scipy/special/__init__.py (8868ms)
2023-09-14 16:23:15.175 [info] [Info  - 4:23:15 PM] (4777) [IDX(2)] Long operation: parsing: /usr/local/lib/python3.11/site-packages/scipy/stats/__init__.py (2433ms)
2023-09-14 16:23:21.414 [info] [Info  - 4:23:21 PM] (4777) [BG(3)] Long operation: parsing: /usr/local/lib/python3.11/site-packages/seaborn/cm.py (2299ms)
2023-09-14 16:23:24.110 [info] [Info  - 4:23:24 PM] (4777) [IDX(2)] Long operation: parsing: /usr/local/lib/python3.11/site-packages/scipy/stats/_stats_py.py (8443ms)
2023-09-14 16:23:27.434 [info] [Info  - 4:23:27 PM] (4777) [IDX(2)] Long operation: parsing: /usr/local/lib/python3.11/site-packages/scipy/stats/_continuous_distns.py (2299ms)
2023-09-14 16:23:28.745 [info] [Info  - 4:23:28 PM] (4777) [IDX(2)] Long operation: binding: /usr/local/lib/python3.11/site-packages/scipy/stats/distributions.py (3610ms)
2023-09-14 16:23:29.331 [info] [Info  - 4:23:29 PM] (4777) [BG(3)] Long operation: checking: /root/code/ML_Car_prediction.ipynb:pylance-notebook-cell:X50sdnNjb2RlLXJlbW90ZQ==.py (21526ms)
2023-09-14 16:23:29.338 [info] [Info  - 4:23:29 PM] (4777) [BG(3)] Long operation: analyzing: /root/code/ML_Car_prediction.ipynb:pylance-notebook-cell:X50sdnNjb2RlLXJlbW90ZQ==.py (21534ms)
2023-09-14 16:23:32.090 [info] [Info  - 4:23:32 PM] (4777) [BG(3)] Long operation: checking: /root/code/ML_Car_prediction.ipynb:pylance-notebook-cell:X41sdnNjb2RlLXJlbW90ZQ==.py (2478ms)
2023-09-14 16:23:32.092 [info] [Info  - 4:23:32 PM] (4777) [BG(3)] Long operation: analyzing: /root/code/ML_Car_prediction.ipynb:pylance-notebook-cell:X41sdnNjb2RlLXJlbW90ZQ==.py (2479ms)
2023-09-14 16:23:35.736 [info] [Info  - 4:23:35 PM] (4777) [BG(3)] Long operation: binding: /root/.vscode-server/extensions/ms-python.vscode-pylance-2023.9.10/dist/bundled/stubs/matplotlib/axes/__init__.pyi (2630ms)
2023-09-14 16:23:38.098 [info] [Info  - 4:23:38 PM] (4777) [BG(3)] Long operation: checking: /root/code/ML_Car_prediction.ipynb:pylance-notebook-cell:X33sdnNjb2RlLXJlbW90ZQ==.py (5783ms)
2023-09-14 16:23:38.103 [info] [Info  - 4:23:38 PM] (4777) [BG(3)] Long operation: analyzing: /root/code/ML_Car_prediction.ipynb:pylance-notebook-cell:X33sdnNjb2RlLXJlbW90ZQ==.py (5783ms)
2023-09-14 16:23:38.761 [info] [Info  - 4:23:38 PM] (4777) [IDX(2)] Long operation: parsing: /usr/local/lib/python3.11/site-packages/scipy/stats/_multivariate.py (9528ms)
2023-09-14 16:23:40.924 [info] [Info  - 4:23:40 PM] (4777) [BG(3)] Long operation: parsing: /root/.vscode-server/extensions/ms-python.vscode-pylance-2023.9.10/dist/typeshed-fallback/stdlib/warnings.pyi (2034ms)
2023-09-14 16:23:44.962 [info] [Info  - 4:23:44 PM] (4777) [IDX(2)] Long operation: parsing: /usr/local/lib/python3.11/site-packages/scipy/stats/_sensitivity_analysis.py (4472ms)
2023-09-14 16:23:47.041 [info] [Info  - 4:23:47 PM] (4777) [BG(3)] Long operation: parsing: /root/.vscode-server/extensions/ms-python.vscode-pylance-2023.9.10/dist/bundled/stubs/pandas/core/indexes/accessors.pyi (2361ms)
2023-09-14 16:23:49.069 [info] [Info  - 4:23:49 PM] (4777) [BG(3)] Long operation: binding: /root/.vscode-server/extensions/ms-python.vscode-pylance-2023.9.10/dist/bundled/stubs/pandas/core/indexes/accessors.pyi (2014ms)
2023-09-14 16:23:50.036 [info] [Info  - 4:23:50 PM] (4777) [IDX(2)] Long operation: parsing: /usr/local/lib/python3.11/site-packages/scipy/stats/_survival.py (4619ms)
2023-09-14 16:23:50.077 [info] [Info  - 4:23:50 PM] (4777) [IDX(2)] Long operation: binding: /usr/local/lib/python3.11/site-packages/scipy/stats/__init__.py (34135ms)
2023-09-14 16:23:52.318 [info] [Info  - 4:23:52 PM] (4777) [IDX(2)] Long operation: indexing: /usr/local/lib/python3.11/site-packages/scipy/stats/__init__.py (39724ms)
2023-09-14 16:23:54.344 [info] [Info  - 4:23:54 PM] (4777) [BG(3)] Long operation: parsing: /root/.vscode-server/extensions/ms-python.vscode-pylance-2023.9.10/dist/bundled/stubs/pandas/core/indexes/category.pyi (2023ms)
2023-09-14 16:23:55.302 [info] [Info  - 4:23:55 PM] (4777) [IDX(2)] Long operation: indexing: /usr/local/lib/python3.11/site-packages/tenacity/__init__.py (2472ms)
2023-09-14 16:23:58.658 [info] [Info  - 4:23:58 PM] (4777) [IDX(2)] Long operation: parsing: /usr/local/lib/python3.11/site-packages/traitlets/traitlets.py (3350ms)
2023-09-14 16:23:58.661 [info] [Info  - 4:23:58 PM] (4777) [BG(3)] Long operation: checking: /root/code/ML_Car_prediction.ipynb:pylance-notebook-cell:X32sdnNjb2RlLXJlbW90ZQ==.py (20559ms)
2023-09-14 16:23:58.663 [info] [Info  - 4:23:58 PM] (4777) [BG(3)] Long operation: analyzing: /root/code/ML_Car_prediction.ipynb:pylance-notebook-cell:X32sdnNjb2RlLXJlbW90ZQ==.py (20559ms)
2023-09-14 16:23:58.983 [info] [Info  - 4:23:58 PM] (4777) [IDX(2)] Long operation: binding: /usr/local/lib/python3.11/site-packages/traitlets/__init__.py (3675ms)
2023-09-14 16:23:59.037 [info] [Info  - 4:23:59 PM] (4777) [IDX(2)] Long operation: indexing: /usr/local/lib/python3.11/site-packages/traitlets/__init__.py (3732ms)
2023-09-14 16:24:02.181 [info] [Info  - 4:24:02 PM] (4777) [IDX(2)] Long operation: indexing: /usr/local/lib/python3.11/site-packages/werkzeug/__init__.py (2995ms)
2023-09-14 16:24:03.480 [info] [Info  - 4:24:03 PM] (4777) [BG(3)] Long operation: analyzing: /root/code/ML_Car_prediction.ipynb:pylance-notebook-cell:pylancePrefixCell.py (250121ms)
2023-09-14 16:24:08.490 [info] [Info  - 4:24:08 PM] (4777) [IDX(2)] Long operation: parsing: /usr/local/lib/python3.11/site-packages/xgboost/training.py (3441ms)
2023-09-14 16:24:08.554 [info] [Info  - 4:24:08 PM] (4777) [IDX(2)] Long operation: indexing: /usr/local/lib/python3.11/site-packages/xgboost/__init__.py (5417ms)
2023-09-14 16:24:08.554 [info] [Info  - 4:24:08 PM] (4777) [IDX(2)] Long operation: index execution environment /root (231668ms)
2023-09-14 16:24:08.555 [info] [Info  - 4:24:08 PM] (4777) [IDX(2)] Long operation: index packages /root (249229ms)
2023-09-14 16:24:17.626 [info] [Info  - 4:24:17 PM] (4777) [IDX(2)] Long operation: scan packages /root (7387ms)
2023-09-14 16:30:03.531 [info] [Info  - 4:30:03 PM] (4777) [BG(1)] Long operation: parsing: /root/.vscode-server/extensions/ms-python.vscode-pylance-2023.9.10/dist/typeshed-fallback/stdlib/typing.pyi (7584ms)
2023-09-14 16:30:06.078 [info] [Info  - 4:30:06 PM] (4777) [BG(1)] Long operation: binding: /root/.vscode-server/extensions/ms-python.vscode-pylance-2023.9.10/dist/typeshed-fallback/stdlib/typing.pyi (2886ms)
2023-09-14 16:30:11.693 [info] [Info  - 4:30:11 PM] (4777) [BG(1)] Long operation: getSemanticTokens delta previousResultId:1694708323931 at /root/code/ML_Car_predictionA2.ipynb:pylance-notebook-cell:W0sdnNjb2RlLXJlbW90ZQ==.py (17611ms)
2023-09-14 16:30:26.209 [info] [Info  - 4:30:26 PM] (4777) [FG] Long operation: parsing: /usr/local/lib/python3.11/site-packages/pandas/__init__.py (8942ms)
2023-09-14 16:30:26.452 [info] [Info  - 4:30:26 PM] (4777) [BG(1)] Long operation: indexing: /root/code/ML_Car_predictionA2.ipynb:pylance-notebook-cell:W0sdnNjb2RlLXJlbW90ZQ==.py (3172ms)
2023-09-14 16:30:31.741 [info] [Info  - 4:30:31 PM] (4777) [FG] Long operation: parsing: /usr/local/lib/python3.11/site-packages/seaborn/__init__.py (2742ms)
2023-09-14 16:30:38.164 [info] [Info  - 4:30:38 PM] (4777) [FG] Long operation: parsing: /usr/local/lib/python3.11/site-packages/seaborn/regression.py (4653ms)
2023-09-14 16:31:03.279 [info] [Info  - 4:31:03 PM] (4777) [FG] Long operation: parsing: /usr/local/lib/python3.11/site-packages/seaborn/categorical.py (21591ms)
2023-09-14 16:31:05.881 [info] [Info  - 4:31:05 PM] (4777) [FG] Long operation: binding: /usr/local/lib/python3.11/site-packages/seaborn/categorical.py (3949ms)
2023-09-14 16:31:08.161 [info] [Info  - 4:31:08 PM] (4777) [FG] Long operation: parsing: /usr/local/lib/python3.11/site-packages/seaborn/distributions.py (2280ms)
2023-09-14 16:31:10.598 [info] [Info  - 4:31:10 PM] (4777) [FG] Long operation: binding: /usr/local/lib/python3.11/site-packages/seaborn/__init__.py (38854ms)
2023-09-14 16:31:10.601 [info] [Info  - 4:31:10 PM] (4777) [BG(1)] Long operation: parsing: /usr/local/lib/python3.11/site-packages/numpy/__init__.pyi (4627ms)
2023-09-14 16:31:10.603 [info] [Info  - 4:31:10 PM] (4777) [BG(1)] Long operation: parsing: /usr/local/lib/python3.11/site-packages/seaborn/categorical.py (18731ms)
2023-09-14 16:31:10.604 [info] [Info  - 4:31:10 PM] (4777) [BG(1)] Long operation: binding: /usr/local/lib/python3.11/site-packages/seaborn/categorical.py (2560ms)
2023-09-14 16:31:10.607 [info] [Info  - 4:31:10 PM] (4777) [BG(1)] Long operation: parsing: /usr/local/lib/python3.11/site-packages/seaborn/distributions.py (2005ms)
2023-09-14 16:31:10.612 [info] [Info  - 4:31:10 PM] (4777) [BG(1)] Long operation: parsing: /usr/local/lib/python3.11/site-packages/seaborn/axisgrid.py (6723ms)
2023-09-14 16:31:10.613 [info] [Info  - 4:31:10 PM] (4777) [BG(1)] Long operation: binding: /usr/local/lib/python3.11/site-packages/seaborn/__init__.py (34635ms)
2023-09-14 16:31:15.979 [info] [Info  - 4:31:15 PM] (4777) [FG] Long operation: parsing: /root/.vscode-server/extensions/ms-python.vscode-pylance-2023.9.10/dist/bundled/stubs/pandas/io/parsers/readers.pyi (3676ms)
2023-09-14 16:31:23.380 [info] [Info  - 4:31:23 PM] (4777) [FG] Long operation: parsing: /root/.vscode-server/extensions/ms-python.vscode-pylance-2023.9.10/dist/bundled/stubs/pandas/_typing.pyi (7171ms)
2023-09-14 16:31:30.835 [info] [Info  - 4:31:30 PM] (4777) [FG] Long operation: parsing: /usr/local/lib/python3.11/site-packages/numpy/__init__.pyi (3962ms)
2023-09-14 16:31:42.754 [info] [Info  - 4:31:42 PM] (4777) [FG] Long operation: parsing: /usr/local/lib/python3.11/site-packages/pandas/core/frame.py (6659ms)
2023-09-14 16:31:44.199 [info] [Info  - 4:31:44 PM] (4777) [BG(1)] Long operation: checking: /root/code/ML_Car_predictionA2.ipynb:pylance-notebook-cell:W0sdnNjb2RlLXJlbW90ZQ==.py (43503ms)
2023-09-14 16:31:44.201 [info] [Info  - 4:31:44 PM] (4777) [BG(1)] Long operation: analyzing: /root/code/ML_Car_predictionA2.ipynb:pylance-notebook-cell:W0sdnNjb2RlLXJlbW90ZQ==.py (43503ms)
2023-09-14 16:31:44.201 [info] [Info  - 4:31:44 PM] (4777) [BG(1)] Long operation: analyzing: /root/code/ML_Car_predictionA2.ipynb:pylance-notebook-cell:pylancePrefixCell.py (43774ms)
2023-09-14 16:31:44.202 [info] [Info  - 4:31:44 PM] (4777) [BG(1)] Long operation: parsing: /root/.vscode-server/extensions/ms-python.vscode-pylance-2023.9.10/dist/bundled/stubs/pandas/io/parsers/readers.pyi (3021ms)
2023-09-14 16:31:44.202 [info] [Info  - 4:31:44 PM] (4777) [BG(1)] Long operation: parsing: /root/.vscode-server/extensions/ms-python.vscode-pylance-2023.9.10/dist/bundled/stubs/pandas/core/series.pyi (2534ms)
2023-09-14 16:31:44.203 [info] [Info  - 4:31:44 PM] (4777) [BG(1)] Long operation: getSemanticTokens delta previousResultId:1694709011712 at /root/code/ML_Car_predictionA2.ipynb:pylance-notebook-cell:W1sdnNjb2RlLXJlbW90ZQ==.py (19079ms)
2023-09-14 16:31:59.028 [info] [Info  - 4:31:59 PM] (4777) [FG] Long operation: parsing: /usr/local/lib/python3.11/site-packages/numpy/__init__.pyi (8337ms)
2023-09-14 16:32:02.531 [info] [Info  - 4:32:02 PM] (4777) [FG] Long operation: binding: /usr/local/lib/python3.11/site-packages/numpy/__init__.pyi (3500ms)
2023-09-14 16:32:11.079 [info] [Info  - 4:32:11 PM] (4777) [FG] Long operation: parsing: /root/.vscode-server/extensions/ms-python.vscode-pylance-2023.9.10/dist/bundled/stubs/pandas/core/frame.pyi (2462ms)
2023-09-14 16:32:12.494 [info] [Info  - 4:32:12 PM] (4777) [BG(1)] Long operation: getSemanticTokens range 0:0 - 9:16 at /root/code/ML_Car_predictionA2.ipynb:pylance-notebook-cell:X10sdnNjb2RlLXJlbW90ZQ==.py (4149ms)
2023-09-14 16:38:03.532 [info] [Info  - 4:38:03 PM] (4777) [BG(1)] Long operation: analyzing: /root/code/ML_Car_predictionA2.ipynb:pylance-notebook-cell:pylancePrefixCell.py (2231ms)
2023-09-14 16:40:53.181 [info] [Info  - 4:40:53 PM] (4777) [BG(1)] Long operation: getSemanticTokens delta previousResultId:1694709637586 at /root/code/ML_Car_predictionA2.ipynb:pylance-notebook-cell:X51sdnNjb2RlLXJlbW90ZQ==.py (2985ms)
2023-09-14 16:54:33.865 [info] [Info  - 4:54:33 PM] (4777) [FG] Long operation: parsing: /root/.vscode-server/extensions/ms-python.vscode-pylance-2023.9.10/dist/typeshed-fallback/stdlib/builtins.pyi (11223ms)
2023-09-14 16:54:40.100 [info] [Info  - 4:54:40 PM] (4777) [FG] Long operation: parsing: /usr/local/lib/python3.11/site-packages/IPython/lib/display.py (4612ms)
2023-09-14 16:55:09.623 [info] [Info  - 4:55:09 PM] (4777) [FG] Long operation: parsing: /usr/local/lib/python3.11/site-packages/scipy/stats/_multivariate.py (2338ms)
2023-09-14 16:55:10.692 [info] [Info  - 4:55:10 PM] (4777) [FG] Long operation: binding: /usr/local/lib/python3.11/site-packages/scipy/stats/__init__.py (9268ms)
2023-09-14 16:55:42.142 [info] [Info  - 4:55:42 PM] (4777) [FG] Long operation: parsing: /root/.vscode-server/extensions/ms-python.vscode-pylance-2023.9.10/dist/bundled/stubs/pandas/core/indexes/accessors.pyi (2627ms)
2023-09-14 16:55:44.452 [info] [Info  - 4:55:44 PM] (4777) [FG] Long operation: binding: /root/.vscode-server/extensions/ms-python.vscode-pylance-2023.9.10/dist/bundled/stubs/pandas/core/indexes/accessors.pyi (2309ms)
2023-09-14 16:56:01.521 [info] [Info  - 4:56:01 PM] (4777) [FG] Long operation: binding: /root/.vscode-server/extensions/ms-python.vscode-pylance-2023.9.10/dist/bundled/stubs/pandas/_libs/tslibs/timedeltas.pyi (2544ms)
2023-09-14 16:56:28.151 [info] [Info  - 4:56:28 PM] (4777) [FG] Long operation: parsing: /usr/local/lib/python3.11/site-packages/pandas/core/frame.py (15103ms)
2023-09-14 16:56:33.010 [info] [Info  - 4:56:33 PM] (4777) [FG] Long operation: parsing: /root/.vscode-server/extensions/ms-python.vscode-pylance-2023.9.10/dist/bundled/stubs/pandas/core/reshape/melt.pyi (2082ms)
2023-09-14 16:56:47.639 [info] [Info  - 4:56:47 PM] (4777) [FG] Long operation: parsing: /root/.vscode-server/extensions/ms-python.vscode-pylance-2023.9.10/dist/typeshed-fallback/stdlib/_decimal.pyi (2261ms)
2023-09-14 16:56:49.058 [info] [Info  - 4:56:49 PM] (4777) [FG] Long operation: binding: /root/.vscode-server/extensions/ms-python.vscode-pylance-2023.9.10/dist/typeshed-fallback/stdlib/decimal.pyi (3683ms)
2023-09-14 16:57:00.255 [info] [Info  - 4:57:00 PM] (4777) [FG] Long operation: parsing: /root/.vscode-server/extensions/ms-python.vscode-pylance-2023.9.10/dist/bundled/stubs/pandas/core/groupby/ops.pyi (4284ms)
2023-09-14 16:57:02.990 [info] [Info  - 4:57:02 PM] (4777) [FG] Long operation: parsing: /root/.vscode-server/extensions/ms-python.vscode-pylance-2023.9.10/dist/bundled/stubs/sklearn/preprocessing/__init__.pyi (2765ms)
2023-09-14 16:57:05.597 [info] [Info  - 4:57:05 PM] (4777) [FG] Long operation: parsing: /root/.vscode-server/extensions/ms-python.vscode-pylance-2023.9.10/dist/typeshed-fallback/stubs/setuptools/pkg_resources/__init__.pyi (2443ms)
2023-09-14 16:57:15.967 [info] [Info  - 4:57:15 PM] (4777) [FG] Long operation: parsing: /usr/local/lib/python3.11/site-packages/ppscore/calculation.py (9158ms)
2023-09-14 16:57:21.386 [info] [Info  - 4:57:21 PM] (4777) [FG] Long operation: parsing: /root/.vscode-server/extensions/ms-python.vscode-pylance-2023.9.10/dist/bundled/stubs/sklearn/tree/__init__.pyi (2692ms)
2023-09-14 16:57:26.599 [info] [Info  - 4:57:26 PM] (4777) [FG] Long operation: parsing: /root/.vscode-server/extensions/ms-python.vscode-pylance-2023.9.10/dist/typeshed-fallback/stdlib/logging/__init__.pyi (2891ms)
2023-09-14 16:57:35.356 [info] [Info  - 4:57:35 PM] (4777) [FG] Long operation: parsing: /root/.vscode-server/extensions/ms-python.vscode-pylance-2023.9.10/dist/bundled/stubs/sklearn/utils/__init__.pyi (2602ms)
2023-09-14 16:57:52.093 [info] [Info  - 4:57:52 PM] (4777) [FG] Long operation: parsing: /usr/local/lib/python3.11/site-packages/scipy/special/__init__.py (16734ms)
2023-09-14 16:57:59.520 [info] [Info  - 4:57:59 PM] (4777) [FG] Long operation: parsing: /root/.vscode-server/extensions/ms-python.vscode-pylance-2023.9.10/dist/bundled/stubs/scipy-stubs/special/_ufuncs.pyi (7426ms)
2023-09-14 16:58:00.787 [info] [Info  - 4:58:00 PM] (4777) [FG] Long operation: binding: /usr/local/lib/python3.11/site-packages/scipy/special/__init__.py (8693ms)
2023-09-14 16:58:03.890 [info] [Info  - 4:58:03 PM] (4777) [FG] Long operation: parsing: /root/.vscode-server/extensions/ms-python.vscode-pylance-2023.9.10/dist/bundled/stubs/sklearn/utils/validation.pyi (2824ms)
2023-09-14 16:58:12.617 [info] [Info  - 4:58:12 PM] (4777) [FG] Long operation: parsing: /usr/local/lib/python3.11/site-packages/scipy/sparse/_dok.py (4955ms)
2023-09-14 16:58:15.699 [info] [Info  - 4:58:15 PM] (4777) [FG] Long operation: parsing: /usr/local/lib/python3.11/site-packages/scipy/sparse/_coo.py (2985ms)
2023-09-14 16:58:18.438 [info] [Info  - 4:58:18 PM] (4777) [FG] Long operation: binding: /usr/local/lib/python3.11/site-packages/scipy/sparse/__init__.py (14391ms)
2023-09-14 16:58:21.329 [info] [Info  - 4:58:21 PM] (4777) [FG] Long operation: parsing: /root/.vscode-server/extensions/ms-python.vscode-pylance-2023.9.10/dist/bundled/stubs/sklearn/linear_model/__init__.pyi (2364ms)
2023-09-14 16:58:25.367 [info] [Info  - 4:58:25 PM] (4777) [FG] Long operation: parsing: /root/.vscode-server/extensions/ms-python.vscode-pylance-2023.9.10/dist/typeshed-fallback/stdlib/builtins.pyi (4038ms)
2023-09-14 16:58:41.872 [info] [Info  - 4:58:41 PM] (4777) [FG] Long operation: parsing: /usr/local/lib/python3.11/site-packages/pandas/__init__.py (12475ms)
2023-09-14 16:58:58.458 [info] [Info  - 4:58:58 PM] (4777) [FG] Long operation: parsing: /usr/local/lib/python3.11/site-packages/scipy/optimize/_optimize.py (4425ms)
2023-09-14 16:59:01.161 [info] [Info  - 4:59:01 PM] (4777) [FG] Long operation: binding: /usr/local/lib/python3.11/site-packages/scipy/optimize/__init__.py (7312ms)
2023-09-14 16:59:06.383 [info] [Info  - 4:59:06 PM] (4777) [BG(1)] Long operation: parsing: /root/code/ML_Car_predictionA2.ipynb:pylance-notebook-cell:Y131sdnNjb2RlLXJlbW90ZQ==.py (4100ms)
2023-09-14 16:59:11.646 [info] [Info  - 4:59:11 PM] (4777) [BG(3)] Long operation: parsing: /root/code/ML_Car_prediction.ipynb:pylance-notebook-cell:Y141sdnNjb2RlLXJlbW90ZQ==.py (8850ms)
2023-09-14 16:59:14.889 [info] [Info  - 4:59:14 PM] (4777) [BG(1)] Long operation: analyzing: /root/code/ML_Car_predictionA2.ipynb:pylance-notebook-cell:Y131sdnNjb2RlLXJlbW90ZQ==.py (12694ms)
2023-09-14 16:59:14.891 [info] [Info  - 4:59:14 PM] (4777) [BG(1)] Long operation: analyzing: /root/code/ML_Car_predictionA2.ipynb:pylance-notebook-cell:pylancePrefixCell.py (12697ms)
2023-09-14 16:59:17.653 [info] [Info  - 4:59:17 PM] (4777) [BG(1)] Long operation: getSemanticTokens range 0:0 - 9:99 at /root/code/ML_Car_predictionA2.ipynb:pylance-notebook-cell:Y133sdnNjb2RlLXJlbW90ZQ==.py (2710ms)
2023-09-14 16:59:20.393 [info] [Info  - 4:59:20 PM] (4777) [BG(3)] Long operation: parsing: /root/.vscode-server/extensions/ms-python.vscode-pylance-2023.9.10/dist/typeshed-fallback/stdlib/builtins.pyi (3994ms)
2023-09-14 16:59:24.719 [info] [Info  - 4:59:24 PM] (4777) [BG(1)] Long operation: parsing: /usr/local/lib/python3.11/site-packages/numpy/__init__.pyi (6577ms)
2023-09-14 16:59:26.164 [info] [Info  - 4:59:26 PM] (4777) [BG(3)] Long operation: binding: /root/.vscode-server/extensions/ms-python.vscode-pylance-2023.9.10/dist/typeshed-fallback/stdlib/builtins.pyi (5540ms)
2023-09-14 16:59:30.316 [info] [Info  - 4:59:30 PM] (4777) [BG(1)] Long operation: parsing: /root/.vscode-server/extensions/ms-python.vscode-pylance-2023.9.10/dist/bundled/stubs/pandas/core/series.pyi (2265ms)
2023-09-14 16:59:30.686 [info] [Info  - 4:59:30 PM] (4777) [BG(1)] Long operation: checking: /root/code/ML_Car_predictionA2.ipynb:pylance-notebook-cell:Y130sdnNjb2RlLXJlbW90ZQ==.py (12914ms)
2023-09-14 16:59:30.690 [info] [Info  - 4:59:30 PM] (4777) [BG(1)] Long operation: analyzing: /root/code/ML_Car_predictionA2.ipynb:pylance-notebook-cell:Y130sdnNjb2RlLXJlbW90ZQ==.py (12914ms)
2023-09-14 16:59:30.981 [info] [Info  - 4:59:30 PM] (4777) [BG(1)] Long operation: analyzing: /root/code/ML_Car_predictionA2.ipynb:pylance-notebook-cell:pylancePrefixCell.py (13020ms)
2023-09-14 16:59:37.033 [info] [Info  - 4:59:37 PM] (4777) [BG(3)] Long operation: binding: /usr/local/lib/python3.11/site-packages/IPython/lib/display.py (2750ms)
2023-09-14 16:59:44.971 [info] [Info  - 4:59:44 PM] (4777) [BG(3)] Long operation: binding: /usr/local/lib/python3.11/site-packages/IPython/display.py (7036ms)
2023-09-14 16:59:45.138 [info] [Info  - 4:59:45 PM] (4777) [BG(1)] Long operation: checking: /root/code/ML_Car_predictionA2.ipynb:pylance-notebook-cell:Y134sdnNjb2RlLXJlbW90ZQ==.py (2889ms)
2023-09-14 16:59:45.140 [info] [Info  - 4:59:45 PM] (4777) [BG(1)] Long operation: analyzing: /root/code/ML_Car_predictionA2.ipynb:pylance-notebook-cell:Y134sdnNjb2RlLXJlbW90ZQ==.py (2893ms)
2023-09-14 16:59:45.141 [info] [Info  - 4:59:45 PM] (4777) [BG(3)] Long operation: binding: /root/code/ML_Car_prediction.ipynb:pylance-notebook-cell:W0sdnNjb2RlLXJlbW90ZQ==.py (2106ms)
2023-09-14 16:59:45.615 [info] [Info  - 4:59:45 PM] (4777) [BG(1)] Long operation: checking: /root/code/ML_Car_predictionA2.ipynb:pylance-notebook-cell:Y130sdnNjb2RlLXJlbW90ZQ==.py (11417ms)
2023-09-14 16:59:45.616 [info] [Info  - 4:59:45 PM] (4777) [BG(1)] Long operation: analyzing: /root/code/ML_Car_predictionA2.ipynb:pylance-notebook-cell:Y130sdnNjb2RlLXJlbW90ZQ==.py (11417ms)
2023-09-14 16:59:45.617 [info] [Info  - 4:59:45 PM] (4777) [BG(1)] Long operation: analyzing: /root/code/ML_Car_predictionA2.ipynb:pylance-notebook-cell:pylancePrefixCell.py (14315ms)
2023-09-14 16:59:48.718 [info] [Info  - 4:59:48 PM] (4777) [BG(1)] Long operation: parsing: /root/.vscode-server/extensions/ms-python.vscode-pylance-2023.9.10/dist/bundled/stubs/matplotlib/pyplot.pyi (2372ms)
2023-09-14 16:59:49.012 [info] [Info  - 4:59:49 PM] (4777) [BG(1)] Long operation: checking: /root/code/ML_Car_predictionA2.ipynb:pylance-notebook-cell:Y130sdnNjb2RlLXJlbW90ZQ==.py (3315ms)
2023-09-14 16:59:49.013 [info] [Info  - 4:59:49 PM] (4777) [BG(1)] Long operation: analyzing: /root/code/ML_Car_predictionA2.ipynb:pylance-notebook-cell:Y130sdnNjb2RlLXJlbW90ZQ==.py (3315ms)
2023-09-14 16:59:53.664 [info] [Info  - 4:59:53 PM] (4777) [BG(1)] Long operation: binding: /usr/local/lib/python3.11/site-packages/scipy/sparse/__init__.py (3819ms)
2023-09-14 16:59:53.669 [info] [Info  - 4:59:53 PM] (4777) [BG(1)] Long operation: checking: /root/code/ML_Car_predictionA2.ipynb:pylance-notebook-cell:Y125sdnNjb2RlLXJlbW90ZQ==.py (4658ms)
2023-09-14 16:59:53.670 [info] [Info  - 4:59:53 PM] (4777) [BG(1)] Long operation: analyzing: /root/code/ML_Car_predictionA2.ipynb:pylance-notebook-cell:Y125sdnNjb2RlLXJlbW90ZQ==.py (4658ms)
2023-09-14 17:00:01.775 [info] [Info  - 5:00:01 PM] (4777) [BG(1)] Long operation: parsing: /usr/local/lib/python3.11/site-packages/seaborn/categorical.py (7679ms)
2023-09-14 17:00:07.339 [info] [Info  - 5:00:07 PM] (4777) [BG(1)] Long operation: parsing: /usr/local/lib/python3.11/site-packages/seaborn/distributions.py (5379ms)
2023-09-14 17:00:12.491 [info] [Info  - 5:00:12 PM] (4777) [BG(1)] Long operation: binding: /usr/local/lib/python3.11/site-packages/seaborn/widgets.py (3978ms)
2023-09-14 17:00:12.493 [info] [Info  - 5:00:12 PM] (4777) [BG(1)] Long operation: binding: /usr/local/lib/python3.11/site-packages/seaborn/__init__.py (18734ms)
2023-09-14 17:00:12.494 [info] [Info  - 5:00:12 PM] (4777) [BG(1)] Long operation: checking: /root/code/ML_Car_predictionA2.ipynb:pylance-notebook-cell:Y124sdnNjb2RlLXJlbW90ZQ==.py (18738ms)
2023-09-14 17:00:12.497 [info] [Info  - 5:00:12 PM] (4777) [BG(1)] Long operation: analyzing: /root/code/ML_Car_predictionA2.ipynb:pylance-notebook-cell:Y124sdnNjb2RlLXJlbW90ZQ==.py (18738ms)
2023-09-14 17:00:12.499 [info] [Info  - 5:00:12 PM] (4777) [BG(1)] Long operation: analyzing: /root/code/ML_Car_predictionA2.ipynb:pylance-notebook-cell:pylancePrefixCell.py (26737ms)
2023-09-14 17:00:22.146 [info] [Info  - 5:00:22 PM] (4777) [BG(1)] Long operation: parsing: /usr/local/lib/python3.11/site-packages/mlflow/tracking/fluent.py (5871ms)
2023-09-14 17:00:26.287 [info] [Info  - 5:00:26 PM] (4777) [BG(1)] Long operation: parsing: /usr/local/lib/python3.11/site-packages/mlflow/protos/service_pb2.py (6025ms)
2023-09-14 17:00:30.822 [info] [Info  - 5:00:30 PM] (4777) [BG(1)] Long operation: checking: /root/code/ML_Car_predictionA2.ipynb:pylance-notebook-cell:Y134sdnNjb2RlLXJlbW90ZQ==.py (18209ms)
2023-09-14 17:00:30.823 [info] [Info  - 5:00:30 PM] (4777) [BG(1)] Long operation: analyzing: /root/code/ML_Car_predictionA2.ipynb:pylance-notebook-cell:Y134sdnNjb2RlLXJlbW90ZQ==.py (18231ms)
2023-09-14 17:00:38.088 [info] [Info  - 5:00:38 PM] (4777) [BG(1)] Long operation: parsing: /usr/local/lib/python3.11/site-packages/ppscore/calculation.py (2717ms)
2023-09-14 17:00:38.091 [info] [Info  - 5:00:38 PM] (4777) [BG(1)] Long operation: checking: /root/code/ML_Car_predictionA2.ipynb:pylance-notebook-cell:X56sdnNjb2RlLXJlbW90ZQ==.py (3691ms)
2023-09-14 17:00:38.163 [info] [Info  - 5:00:38 PM] (4777) [BG(1)] Long operation: analyzing: /root/code/ML_Car_predictionA2.ipynb:pylance-notebook-cell:X56sdnNjb2RlLXJlbW90ZQ==.py (3691ms)
2023-09-14 17:00:38.185 [info] [Info  - 5:00:38 PM] (4777) [BG(1)] Long operation: analyzing: /root/code/ML_Car_predictionA2.ipynb:pylance-notebook-cell:pylancePrefixCell.py (23379ms)
2023-09-14 17:00:42.535 [info] [Info  - 5:00:42 PM] (4777) [BG(1)] Long operation: parsing: /root/.vscode-server/extensions/ms-python.vscode-pylance-2023.9.10/dist/bundled/stubs/sklearn/tree/__init__.pyi (2389ms)
2023-09-14 17:00:51.247 [info] [Info  - 5:00:51 PM] (4777) [BG(1)] Long operation: binding: /usr/local/lib/python3.11/site-packages/seaborn/cm.py (2287ms)
2023-09-14 17:00:58.975 [info] [Info  - 5:00:58 PM] (4777) [BG(1)] Long operation: parsing: /root/.vscode-server/extensions/ms-python.vscode-pylance-2023.9.10/dist/bundled/stubs/matplotlib/__init__.pyi (7052ms)
2023-09-14 17:01:00.327 [info] [Info  - 5:01:00 PM] (4777) [BG(1)] Long operation: parsing: /root/.vscode-server/extensions/ms-python.vscode-pylance-2023.9.10/dist/bundled/stubs/matplotlib/colors.pyi (2025ms)
2023-09-14 17:01:02.588 [info] [Info  - 5:01:02 PM] (4777) [BG(1)] Long operation: parsing: /root/.vscode-server/extensions/ms-python.vscode-pylance-2023.9.10/dist/bundled/stubs/pandas/core/indexes/interval.pyi (2392ms)
2023-09-14 17:01:11.833 [info] [Info  - 5:01:11 PM] (4777) [BG(1)] Long operation: checking: /root/code/ML_Car_predictionA2.ipynb:pylance-notebook-cell:X56sdnNjb2RlLXJlbW90ZQ==.py (32540ms)
2023-09-14 17:01:11.846 [info] [Info  - 5:01:11 PM] (4777) [BG(1)] Long operation: analyzing: /root/code/ML_Car_predictionA2.ipynb:pylance-notebook-cell:X56sdnNjb2RlLXJlbW90ZQ==.py (32540ms)
2023-09-14 17:01:14.720 [info] [Info  - 5:01:14 PM] (4777) [BG(1)] Long operation: checking: /root/code/ML_Car_predictionA2.ipynb:pylance-notebook-cell:X36sdnNjb2RlLXJlbW90ZQ==.py (3419ms)
2023-09-14 17:01:14.726 [info] [Info  - 5:01:14 PM] (4777) [BG(1)] Long operation: analyzing: /root/code/ML_Car_predictionA2.ipynb:pylance-notebook-cell:X36sdnNjb2RlLXJlbW90ZQ==.py (3419ms)
2023-09-14 17:01:23.629 [info] [Info  - 5:01:23 PM] (4777) [BG(1)] Long operation: checking: /root/code/ML_Car_predictionA2.ipynb:pylance-notebook-cell:X35sdnNjb2RlLXJlbW90ZQ==.py (7981ms)
2023-09-14 17:01:23.630 [info] [Info  - 5:01:23 PM] (4777) [BG(1)] Long operation: analyzing: /root/code/ML_Car_predictionA2.ipynb:pylance-notebook-cell:X35sdnNjb2RlLXJlbW90ZQ==.py (7981ms)
2023-09-14 17:01:23.631 [info] [Info  - 5:01:23 PM] (4777) [BG(3)] Long operation: parsing: /usr/local/lib/python3.11/site-packages/numpy/__init__.pyi (102640ms)
2023-09-14 17:01:25.380 [info] [Info  - 5:01:25 PM] (4777) [BG(1)] Long operation: analyzing: /root/code/ML_Car_predictionA2.ipynb:pylance-notebook-cell:pylancePrefixCell.py (48798ms)
2023-09-14 17:02:02.801 [info] [Info  - 5:02:02 PM] (4777) [BG(3)] Long operation: binding: /usr/local/lib/python3.11/site-packages/numpy/__init__.pyi (39788ms)
2023-09-14 17:02:06.598 [info] [Info  - 5:02:06 PM] (4777) [BG(3)] Long operation: parsing: /usr/local/lib/python3.11/site-packages/numpy/core/multiarray.pyi (3731ms)
2023-09-14 17:02:10.469 [info] [Info  - 5:02:10 PM] (4777) [BG(3)] Long operation: binding: /usr/local/lib/python3.11/site-packages/numpy/core/multiarray.pyi (3863ms)
2023-09-14 17:02:23.490 [info] [Info  - 5:02:23 PM] (4777) [IDX(4)] Long operation: scan packages /root (244147ms)
2023-09-14 17:02:41.556 [info] [Info  - 5:02:41 PM] (4777) [BG(3)] Long operation: parsing: /root/.vscode-server/extensions/ms-python.vscode-pylance-2023.9.10/dist/typeshed-fallback/stdlib/typing.pyi (17975ms)
2023-09-14 17:02:41.622 [info] [Info  - 5:02:41 PM] (4777) [BG(3)] Long operation: binding: /root/.vscode-server/extensions/ms-python.vscode-pylance-2023.9.10/dist/typeshed-fallback/stdlib/typing.pyi (12831ms)
2023-09-14 17:02:46.681 [info] [Info  - 5:02:46 PM] (4777) [BG(3)] Long operation: parsing: /root/.vscode-server/extensions/ms-python.vscode-pylance-2023.9.10/dist/typeshed-fallback/stdlib/typing_extensions.pyi (4516ms)
2023-09-14 17:02:49.710 [info] [Info  - 5:02:49 PM] (4777) [BG(3)] Long operation: binding: /root/.vscode-server/extensions/ms-python.vscode-pylance-2023.9.10/dist/typeshed-fallback/stdlib/typing_extensions.pyi (3028ms)
2023-09-14 17:02:53.119 [info] [Info  - 5:02:53 PM] (4777) [BG(3)] Long operation: parsing: /usr/local/lib/python3.11/site-packages/numpy/_typing/__init__.py (2345ms)
2023-09-14 17:02:55.002 [info] [Info  - 5:02:55 PM] (4777) [IDX(4)] Long operation: parsing: /root/.vscode-server/extensions/ms-python.vscode-pylance-2023.9.10/dist/typeshed-fallback/stubs/Markdown/markdown/__init__.pyi (9608ms)
2023-09-14 17:02:57.090 [info] [Info  - 5:02:57 PM] (4777) [IDX(4)] Long operation: indexing: /root/.vscode-server/extensions/ms-python.vscode-pylance-2023.9.10/dist/typeshed-fallback/stubs/Markdown/markdown/__init__.pyi (11786ms)
2023-09-14 17:03:02.104 [info] [Info  - 5:03:02 PM] (4777) [BG(3)] Long operation: parsing: /root/.vscode-server/extensions/ms-python.vscode-pylance-2023.9.10/dist/typeshed-fallback/stdlib/abc.pyi (2349ms)
2023-09-14 17:03:03.897 [info] [Info  - 5:03:03 PM] (4777) [IDX(4)] Long operation: binding: /root/.vscode-server/extensions/ms-python.vscode-pylance-2023.9.10/dist/typeshed-fallback/stubs/PyYAML/yaml/__init__.pyi (4394ms)
2023-09-14 17:03:03.901 [info] [Info  - 5:03:03 PM] (4777) [IDX(4)] Long operation: indexing: /root/.vscode-server/extensions/ms-python.vscode-pylance-2023.9.10/dist/typeshed-fallback/stubs/PyYAML/yaml/__init__.pyi (6792ms)
2023-09-14 17:03:08.325 [info] [Info  - 5:03:08 PM] (4777) [IDX(4)] Long operation: indexing: /usr/local/lib/python3.11/site-packages/git/__init__.py (2402ms)
2023-09-14 17:03:09.185 [info] [Info  - 5:03:09 PM] (4777) [BG(3)] Long operation: parsing: /root/.vscode-server/extensions/ms-python.vscode-pylance-2023.9.10/dist/typeshed-fallback/stdlib/enum.pyi (3015ms)
2023-09-14 17:03:12.587 [info] [Info  - 5:03:12 PM] (4777) [BG(3)] Long operation: binding: /root/.vscode-server/extensions/ms-python.vscode-pylance-2023.9.10/dist/typeshed-fallback/stdlib/enum.pyi (3401ms)
2023-09-14 17:03:15.467 [info] [Info  - 5:03:15 PM] (4777) [IDX(4)] Long operation: indexing: /usr/local/lib/python3.11/site-packages/mlflow/__init__.py (5977ms)
2023-09-14 17:03:19.685 [info] [Info  - 5:03:19 PM] (4777) [BG(3)] Long operation: parsing: /usr/local/lib/python3.11/site-packages/numpy/_typing/_array_like.py (4805ms)
2023-09-14 17:03:22.770 [info] [Info  - 5:03:22 PM] (4777) [IDX(4)] Long operation: parsing: /usr/local/lib/python3.11/site-packages/sqlalchemy/sql/selectable.py (3927ms)
2023-09-14 17:03:25.470 [info] [Info  - 5:03:25 PM] (4777) [BG(3)] Long operation: parsing: /usr/local/lib/python3.11/site-packages/numpy/_typing/_nested_sequence.py (2151ms)
2023-09-14 17:03:27.533 [info] [Info  - 5:03:27 PM] (4777) [IDX(4)] Long operation: parsing: /usr/local/lib/python3.11/site-packages/sqlalchemy/sql/elements.py (4395ms)
2023-09-14 17:03:27.804 [info] [Info  - 5:03:27 PM] (4777) [BG(3)] Long operation: binding: /usr/local/lib/python3.11/site-packages/numpy/_typing/_nested_sequence.py (2333ms)
2023-09-14 17:03:33.154 [info] [Info  - 5:03:33 PM] (4777) [IDX(4)] Long operation: indexing: /usr/local/lib/python3.11/site-packages/sqlalchemy/__init__.py (17467ms)
2023-09-14 17:03:34.076 [info] [Info  - 5:03:34 PM] (4777) [IDX(4)] Long operation: index execution environment /root (48810ms)
2023-09-14 17:03:43.561 [info] [Info  - 5:03:43 PM] (4777) [BG(3)] Long operation: parsing: /root/.vscode-server/extensions/ms-python.vscode-pylance-2023.9.10/dist/typeshed-fallback/stdlib/sys.pyi (3724ms)
2023-09-14 17:03:52.796 [info] [Info  - 5:03:52 PM] (4777) [BG(3)] Long operation: checking: /root/code/ML_Car_prediction.ipynb:pylance-notebook-cell:Y141sdnNjb2RlLXJlbW90ZQ==.py (256759ms)
2023-09-14 17:03:52.797 [info] [Info  - 5:03:52 PM] (4777) [BG(3)] Long operation: analyzing: /root/code/ML_Car_prediction.ipynb:pylance-notebook-cell:Y141sdnNjb2RlLXJlbW90ZQ==.py (290190ms)
2023-09-14 17:03:58.556 [info] [Info  - 5:03:58 PM] (4777) [BG(3)] Long operation: parsing: /root/.vscode-server/extensions/ms-python.vscode-pylance-2023.9.10/dist/bundled/stubs/pandas/io/parsers/__init__.pyi (3119ms)
2023-09-14 17:04:00.132 [info] [Info  - 5:04:00 PM] (4777) [IDX(4)] Long operation: index packages /root (78458ms)
2023-09-14 17:04:02.636 [info] [Info  - 5:04:02 PM] (4777) [BG(3)] Long operation: parsing: /root/.vscode-server/extensions/ms-python.vscode-pylance-2023.9.10/dist/bundled/stubs/pandas/core/series.pyi (3137ms)
2023-09-14 17:04:17.848 [info] [Info  - 5:04:17 PM] (4777) [BG(3)] Long operation: checking: /root/code/ML_Car_prediction.ipynb:pylance-notebook-cell:Y140sdnNjb2RlLXJlbW90ZQ==.py (25050ms)
2023-09-14 17:04:17.848 [info] [Info  - 5:04:17 PM] (4777) [BG(3)] Long operation: analyzing: /root/code/ML_Car_prediction.ipynb:pylance-notebook-cell:Y140sdnNjb2RlLXJlbW90ZQ==.py (25050ms)
2023-09-14 17:04:22.163 [info] [Info  - 5:04:22 PM] (4777) [BG(3)] Long operation: checking: /root/code/ML_Car_prediction.ipynb:pylance-notebook-cell:Y135sdnNjb2RlLXJlbW90ZQ==.py (4315ms)
2023-09-14 17:04:22.164 [info] [Info  - 5:04:22 PM] (4777) [BG(3)] Long operation: analyzing: /root/code/ML_Car_prediction.ipynb:pylance-notebook-cell:Y135sdnNjb2RlLXJlbW90ZQ==.py (4315ms)
2023-09-14 17:04:24.947 [info] [Info  - 5:04:24 PM] (4777) [BG(3)] Long operation: checking: /root/code/ML_Car_prediction.ipynb:pylance-notebook-cell:Y130sdnNjb2RlLXJlbW90ZQ==.py (2529ms)
2023-09-14 17:04:24.949 [info] [Info  - 5:04:24 PM] (4777) [BG(3)] Long operation: analyzing: /root/code/ML_Car_prediction.ipynb:pylance-notebook-cell:Y130sdnNjb2RlLXJlbW90ZQ==.py (2530ms)
2023-09-14 17:04:29.680 [info] [Info  - 5:04:29 PM] (4777) [BG(3)] Long operation: parsing: /root/.vscode-server/extensions/ms-python.vscode-pylance-2023.9.10/dist/bundled/stubs/sklearn/utils/__init__.pyi (2534ms)
2023-09-14 17:04:31.282 [info] [Info  - 5:04:31 PM] (4777) [BG(3)] Long operation: checking: /root/code/ML_Car_prediction.ipynb:pylance-notebook-cell:Y121sdnNjb2RlLXJlbW90ZQ==.py (6170ms)
2023-09-14 17:04:31.283 [info] [Info  - 5:04:31 PM] (4777) [BG(3)] Long operation: analyzing: /root/code/ML_Car_prediction.ipynb:pylance-notebook-cell:Y121sdnNjb2RlLXJlbW90ZQ==.py (6172ms)
2023-09-14 17:04:34.138 [info] [Info  - 5:04:34 PM] (4777) [BG(3)] Long operation: checking: /root/code/ML_Car_prediction.ipynb:pylance-notebook-cell:Y112sdnNjb2RlLXJlbW90ZQ==.py (2588ms)
2023-09-14 17:04:34.215 [info] [Info  - 5:04:34 PM] (4777) [BG(3)] Long operation: analyzing: /root/code/ML_Car_prediction.ipynb:pylance-notebook-cell:Y112sdnNjb2RlLXJlbW90ZQ==.py (2588ms)
2023-09-14 17:04:36.602 [info] [Info  - 5:04:36 PM] (4777) [BG(1)] Long operation: analyzing: /root/code/ML_Car_predictionA2.ipynb:pylance-notebook-cell:pylancePrefixCell.py (5787ms)
2023-09-14 17:04:51.343 [info] [Info  - 5:04:51 PM] (4777) [BG(3)] Long operation: parsing: /root/.vscode-server/extensions/ms-python.vscode-pylance-2023.9.10/dist/bundled/stubs/matplotlib/__init__.pyi (2304ms)
2023-09-14 17:04:53.968 [info] [Info  - 5:04:53 PM] (4777) [IDX(4)] Long operation: scan packages /root (45374ms)
2023-09-14 17:04:53.993 [info] [Info  - 5:04:53 PM] (4777) [BG(3)] Long operation: binding: /usr/local/lib/python3.11/site-packages/numpy/core/fromnumeric.pyi (2665ms)
2023-09-14 17:04:54.203 [info] [Info  - 5:04:54 PM] (4777) [BG(3)] Long operation: checking: /root/code/ML_Car_prediction.ipynb:pylance-notebook-cell:X50sdnNjb2RlLXJlbW90ZQ==.py (17520ms)
2023-09-14 17:04:54.235 [info] [Info  - 5:04:54 PM] (4777) [BG(3)] Long operation: analyzing: /root/code/ML_Car_prediction.ipynb:pylance-notebook-cell:X50sdnNjb2RlLXJlbW90ZQ==.py (17520ms)
2023-09-14 17:04:55.705 [info] [Info  - 5:04:55 PM] (4777) [BG(1)] Long operation: checking: /root/code/ML_Car_predictionA2.ipynb:pylance-notebook-cell:Y134sdnNjb2RlLXJlbW90ZQ==.py (2903ms)
2023-09-14 17:04:56.486 [info] [Info  - 5:04:56 PM] (4777) [BG(1)] Long operation: analyzing: /root/code/ML_Car_predictionA2.ipynb:pylance-notebook-cell:Y134sdnNjb2RlLXJlbW90ZQ==.py (2909ms)
2023-09-14 17:04:58.195 [info] [Info  - 5:04:58 PM] (4777) [BG(1)] Long operation: analyzing: /root/code/ML_Car_predictionA2.ipynb:pylance-notebook-cell:pylancePrefixCell.py (5420ms)
2023-09-14 17:05:27.770 [info] [Info  - 5:05:27 PM] (4777) [BG(3)] Long operation: checking: /root/code/ML_Car_prediction.ipynb:pylance-notebook-cell:X32sdnNjb2RlLXJlbW90ZQ==.py (27599ms)
2023-09-14 17:05:27.770 [info] [Info  - 5:05:27 PM] (4777) [BG(3)] Long operation: analyzing: /root/code/ML_Car_prediction.ipynb:pylance-notebook-cell:X32sdnNjb2RlLXJlbW90ZQ==.py (27599ms)
2023-09-14 17:05:27.771 [info] [Info  - 5:05:27 PM] (4777) [BG(3)] Long operation: analyzing: /root/code/ML_Car_prediction.ipynb:pylance-notebook-cell:pylancePrefixCell.py (381739ms)
2023-09-14 17:07:02.977 [info] [Info  - 5:07:02 PM] (4777) [FG] Long operation: parsing: /usr/local/lib/python3.11/site-packages/mlflow/tracking/fluent.py (3848ms)
2023-09-14 17:11:50.428 [info] [Info  - 5:11:50 PM] (4777) [FG] Long operation: parsing: /root/code/ML_Car_predictionA2.ipynb:pylance-notebook-cell:Y134sdnNjb2RlLXJlbW90ZQ==.py (2203ms)
2023-09-14 17:11:52.905 [info] [Info  - 5:11:52 PM] (4777) [FG] Long operation: binding: /root/code/ML_Car_predictionA2.ipynb:pylance-notebook-cell:Y134sdnNjb2RlLXJlbW90ZQ==.py (2477ms)
2023-09-14 17:17:01.069 [info] [Info  - 5:17:01 PM] (4777) [BG(1)] Long operation: checking: /root/code/ML_Car_predictionA2.ipynb:pylance-notebook-cell:Y136sdnNjb2RlLXJlbW90ZQ==.py (2637ms)
2023-09-14 17:17:01.071 [info] [Info  - 5:17:01 PM] (4777) [BG(1)] Long operation: analyzing: /root/code/ML_Car_predictionA2.ipynb:pylance-notebook-cell:Y136sdnNjb2RlLXJlbW90ZQ==.py (2637ms)
2023-09-14 17:17:01.071 [info] [Info  - 5:17:01 PM] (4777) [BG(1)] Long operation: analyzing: /root/code/ML_Car_predictionA2.ipynb:pylance-notebook-cell:pylancePrefixCell.py (2637ms)
2023-09-14 17:17:03.585 [info] [Info  - 5:17:03 PM] (4777) [BG(1)] Long operation: analyzing: /root/code/ML_Car_predictionA2.ipynb:pylance-notebook-cell:pylancePrefixCell.py (2268ms)
2023-09-14 17:52:42.272 [info] [Info  - 5:52:39 PM] (4777) [BG(1)] Long operation: getSemanticTokens full at /root/code/ML_Car_predictionA2.ipynb:pylance-notebook-cell:Y140sdnNjb2RlLXJlbW90ZQ==.py (10310ms)
2023-09-14 18:25:25.448 [info] [Info  - 6:25:25 PM] (4777) [BG(1)] Long operation: getSemanticTokens full at /root/code/ML_Car_predictionA2.ipynb:pylance-notebook-cell:Y134sdnNjb2RlLXJlbW90ZQ==.py (4765ms)
2023-09-14 18:26:15.423 [info] [Info  - 6:26:15 PM] (4777) [FG] Long operation: parsing: /root/code/ML_Car_prediction.ipynb:pylance-notebook-cell:Y123sdnNjb2RlLXJlbW90ZQ==.py (14366ms)
2023-09-14 18:26:21.787 [info] [Info  - 6:26:21 PM] (4777) [FG] Long operation: parsing: /root/code/ML_Car_prediction.ipynb:pylance-notebook-cell:Y120sdnNjb2RlLXJlbW90ZQ==.py (4405ms)
2023-09-14 18:26:29.276 [info] [Info  - 6:26:29 PM] (4777) [FG] Long operation: parsing: /root/code/ML_Car_prediction.ipynb:pylance-notebook-cell:W0sdnNjb2RlLXJlbW90ZQ==.py (2140ms)
2023-09-14 18:26:34.540 [info] [Info  - 6:26:34 PM] (4777) [FG] Long operation: binding: /usr/local/lib/python3.11/site-packages/IPython/display.py (3957ms)
2023-09-14 18:26:34.928 [info] [Info  - 6:26:34 PM] (4777) [BG(3)] Long operation: getSemanticTokens full at /root/code/ML_Car_prediction.ipynb:pylance-notebook-cell:Y124sdnNjb2RlLXJlbW90ZQ==.py (2375ms)
2023-09-14 18:26:37.662 [info] [Info  - 6:26:37 PM] (4777) [BG(3)] Long operation: getSemanticTokens full at /root/code/ML_Car_prediction.ipynb:pylance-notebook-cell:Y130sdnNjb2RlLXJlbW90ZQ==.py (2496ms)
2023-09-14 18:26:47.200 [info] [Info  - 6:26:47 PM] (4777) [BG(3)] Long operation: getSemanticTokens full at /root/code/ML_Car_prediction.ipynb:pylance-notebook-cell:Y133sdnNjb2RlLXJlbW90ZQ==.py (6611ms)
2023-09-14 21:42:13.196 [info] [Info  - 9:42:12 PM] (4777) [BG(1)] Long operation: getSemanticTokens full at /root/code/ML_Car_predictionA2.ipynb:pylance-notebook-cell:Y136sdnNjb2RlLXJlbW90ZQ==.py (4061ms)
2023-09-14 22:01:42.227 [info] [Info  - 10:01:41 PM] (4777) [FG] Long operation: parsing: /root/code/ML_Car_predictionA2.ipynb:pylance-notebook-cell:Y141sdnNjb2RlLXJlbW90ZQ==.py (7810ms)
2023-09-14 22:01:46.129 [info] [Info  - 10:01:46 PM] (4777) [FG] Long operation: binding: /root/code/ML_Car_predictionA2.ipynb:pylance-notebook-cell:Y141sdnNjb2RlLXJlbW90ZQ==.py (2357ms)
2023-09-14 22:02:01.808 [info] [Info  - 10:02:01 PM] (4777) [BG(1)] Long operation: parsing: /root/code/ML_Car_predictionA2.ipynb:pylance-notebook-cell:Y141sdnNjb2RlLXJlbW90ZQ==.py (11706ms)
2023-09-14 22:02:05.160 [info] [Info  - 10:02:05 PM] (4777) [BG(1)] Long operation: binding: /root/code/ML_Car_predictionA2.ipynb:pylance-notebook-cell:Y141sdnNjb2RlLXJlbW90ZQ==.py (2610ms)
2023-09-14 22:02:33.043 [info] [Info  - 10:02:33 PM] (4777) [BG(1)] Long operation: parsing: /root/.vscode-server/extensions/ms-python.vscode-pylance-2023.9.10/dist/typeshed-fallback/stdlib/pickle.pyi (3345ms)
2023-09-14 22:02:57.422 [info] [Info  - 10:02:57 PM] (4777) [BG(1)] Long operation: parsing: /usr/local/lib/python3.11/pickle.py (15448ms)
2023-09-14 22:03:00.235 [info] [Info  - 10:03:00 PM] (4777) [BG(1)] Long operation: binding: /usr/local/lib/python3.11/pickle.py (2248ms)
2023-09-14 22:03:14.197 [info] [Info  - 10:03:14 PM] (4777) [BG(1)] Long operation: checking: /root/code/ML_Car_predictionA2.ipynb:pylance-notebook-cell:Y141sdnNjb2RlLXJlbW90ZQ==.py (68953ms)
2023-09-14 22:03:14.208 [info] [Info  - 10:03:14 PM] (4777) [BG(1)] Long operation: analyzing: /root/code/ML_Car_predictionA2.ipynb:pylance-notebook-cell:Y141sdnNjb2RlLXJlbW90ZQ==.py (84502ms)
2023-09-14 22:03:38.461 [info] [Info  - 10:03:38 PM] (4777) [BG(1)] Long operation: checking: /root/code/ML_Car_predictionA2.ipynb:pylance-notebook-cell:Y140sdnNjb2RlLXJlbW90ZQ==.py (24245ms)
2023-09-14 22:03:38.462 [info] [Info  - 10:03:38 PM] (4777) [BG(1)] Long operation: analyzing: /root/code/ML_Car_predictionA2.ipynb:pylance-notebook-cell:Y140sdnNjb2RlLXJlbW90ZQ==.py (24246ms)
2023-09-14 22:03:45.459 [info] [Info  - 10:03:45 PM] (4777) [BG(1)] Long operation: checking: /root/code/ML_Car_predictionA2.ipynb:pylance-notebook-cell:Y134sdnNjb2RlLXJlbW90ZQ==.py (3196ms)
2023-09-14 22:03:45.460 [info] [Info  - 10:03:45 PM] (4777) [BG(1)] Long operation: analyzing: /root/code/ML_Car_predictionA2.ipynb:pylance-notebook-cell:Y134sdnNjb2RlLXJlbW90ZQ==.py (3196ms)
2023-09-14 22:03:55.487 [info] [Info  - 10:03:55 PM] (4777) [BG(1)] Long operation: checking: /root/code/ML_Car_predictionA2.ipynb:pylance-notebook-cell:X56sdnNjb2RlLXJlbW90ZQ==.py (8524ms)
2023-09-14 22:03:55.488 [info] [Info  - 10:03:55 PM] (4777) [BG(1)] Long operation: analyzing: /root/code/ML_Car_predictionA2.ipynb:pylance-notebook-cell:X56sdnNjb2RlLXJlbW90ZQ==.py (8537ms)
2023-09-14 22:04:02.338 [info] [Info  - 10:04:02 PM] (4777) [BG(1)] Long operation: checking: /root/code/ML_Car_predictionA2.ipynb:pylance-notebook-cell:X36sdnNjb2RlLXJlbW90ZQ==.py (6463ms)
2023-09-14 22:04:02.373 [info] [Info  - 10:04:02 PM] (4777) [BG(1)] Long operation: analyzing: /root/code/ML_Car_predictionA2.ipynb:pylance-notebook-cell:X36sdnNjb2RlLXJlbW90ZQ==.py (6474ms)
2023-09-14 22:05:06.602 [info] [Info  - 10:05:06 PM] (4777) [BG(1)] Long operation: checking: /root/code/ML_Car_predictionA2.ipynb:pylance-notebook-cell:X35sdnNjb2RlLXJlbW90ZQ==.py (64355ms)
2023-09-14 22:05:06.604 [info] [Info  - 10:05:06 PM] (4777) [BG(1)] Long operation: analyzing: /root/code/ML_Car_predictionA2.ipynb:pylance-notebook-cell:X35sdnNjb2RlLXJlbW90ZQ==.py (64356ms)
2023-09-14 22:05:10.350 [info] [Info  - 10:05:10 PM] (4777) [BG(1)] Long operation: checking: /root/code/ML_Car_predictionA2.ipynb:pylance-notebook-cell:X33sdnNjb2RlLXJlbW90ZQ==.py (2670ms)
2023-09-14 22:05:10.351 [info] [Info  - 10:05:10 PM] (4777) [BG(1)] Long operation: analyzing: /root/code/ML_Car_predictionA2.ipynb:pylance-notebook-cell:X33sdnNjb2RlLXJlbW90ZQ==.py (2674ms)
2023-09-14 22:05:15.137 [info] [Info  - 10:05:15 PM] (4777) [BG(1)] Long operation: checking: /root/code/ML_Car_predictionA2.ipynb:pylance-notebook-cell:X31sdnNjb2RlLXJlbW90ZQ==.py (2863ms)
2023-09-14 22:05:15.191 [info] [Info  - 10:05:15 PM] (4777) [BG(1)] Long operation: analyzing: /root/code/ML_Car_predictionA2.ipynb:pylance-notebook-cell:X31sdnNjb2RlLXJlbW90ZQ==.py (2863ms)
2023-09-14 22:05:20.963 [info] [Info  - 10:05:20 PM] (4777) [BG(1)] Long operation: checking: /root/code/ML_Car_predictionA2.ipynb:pylance-notebook-cell:X14sdnNjb2RlLXJlbW90ZQ==.py (3615ms)
2023-09-14 22:05:21.084 [info] [Info  - 10:05:21 PM] (4777) [BG(1)] Long operation: analyzing: /root/code/ML_Car_predictionA2.ipynb:pylance-notebook-cell:X14sdnNjb2RlLXJlbW90ZQ==.py (3615ms)
2023-09-14 22:05:21.707 [info] [Info  - 10:05:21 PM] (4777) [BG(1)] Long operation: analyzing: /root/code/ML_Car_predictionA2.ipynb:pylance-notebook-cell:pylancePrefixCell.py (212709ms)
2023-09-15 05:32:59.224 [info] [Info  - 5:32:57 AM] (4777) [BG(1)] Long operation: getSemanticTokens full at /root/code/ML_Car_predictionA2.ipynb:pylance-notebook-cell:Y135sdnNjb2RlLXJlbW90ZQ==.py (2048ms)
