2023-09-14 16:17:33.005 [info] Experiment 'pythonPromptNewFormatterExt' is active
2023-09-14 16:17:33.006 [info] Experiment 'pythonPromptNewToolsExt' is active
2023-09-14 16:17:33.007 [info] Experiment 'pythonSurveyNotification' is active
2023-09-14 16:17:33.007 [info] Experiment 'pythonTerminalEnvVarActivationcf' is active
2023-09-14 16:17:33.008 [info] Experiment 'pythonTestAdapter' is active
2023-09-14 16:17:33.009 [info] Test server listening.
2023-09-14 16:17:33.201 [warning] Retry failed, storage update failed for key PYTHON_GLOBAL_STORAGE_KEYS
2023-09-14 16:17:33.201 [warning] Retry failed, storage update failed for key PYTHON_WORKSPACE_STORAGE_KEYS
2023-09-14 16:17:33.203 [warning] Retry failed, storage update failed for key PYTHON_WORKSPACE_STORAGE_KEYS
2023-09-14 16:17:33.204 [warning] Retry failed, storage update failed for key PYTHON_WORKSPACE_STORAGE_KEYS
2023-09-14 16:17:33.821 [info] > conda info --json
2023-09-14 16:17:33.963 [info] > /usr/local/bin/python -I ./.vscode-server/extensions/ms-python.python-2023.16.0/pythonFiles/get_output_via_markers.py ./.vscode-server/extensions/ms-python.python-2023.16.0/pythonFiles/interpreterInfo.py
2023-09-14 16:17:34.199 [warning] Retry failed, storage update failed for key PYTHON_GLOBAL_STORAGE_KEYS
2023-09-14 16:17:34.227 [warning] Retry failed, storage update failed for key PYTHON_GLOBAL_STORAGE_KEYS
2023-09-14 16:17:38.625 [info] Found: /bin/python3 --> /bin/python3.11
2023-09-14 16:17:38.629 [info] Found: /bin/python3.11 --> /bin/python3.11
2023-09-14 16:17:38.878 [info] Found: /usr/bin/python3 --> /usr/bin/python3.11
2023-09-14 16:17:38.879 [info] Found: /usr/bin/python3.11 --> /usr/bin/python3.11
2023-09-14 16:17:38.934 [info] Python interpreter path: /usr/local/bin/python
2023-09-14 16:17:43.169 [info] Found: /usr/local/bin/python --> /usr/local/bin/python3.11
2023-09-14 16:17:43.170 [info] Found: /usr/local/bin/python3 --> /usr/local/bin/python3.11
2023-09-14 16:17:43.171 [info] Found: /usr/local/bin/python3.11 --> /usr/local/bin/python3.11
2023-09-14 16:17:43.260 [info] > /bin/python3 -I ./.vscode-server/extensions/ms-python.python-2023.16.0/pythonFiles/get_output_via_markers.py ./.vscode-server/extensions/ms-python.python-2023.16.0/pythonFiles/interpreterInfo.py
2023-09-14 16:17:47.942 [info] > /usr/bin/python3 -I ./.vscode-server/extensions/ms-python.python-2023.16.0/pythonFiles/get_output_via_markers.py ./.vscode-server/extensions/ms-python.python-2023.16.0/pythonFiles/interpreterInfo.py
2023-09-14 16:17:59.404 [warning] Retry failed, storage update failed for key PYTHON_ENV_INFO_CACHE
2023-09-14 16:17:59.404 [warning] Retry failed, storage update failed for key PYTHON_ENV_INFO_CACHE
2023-09-14 16:18:29.357 [info] Starting Pylance language server.
